<?xml version="1.0" encoding="UTF-8"?>
<!-- Generated by org.testng.reporters.JUnitXMLReporter -->
<testsuite hostname="TDIN507" ignored="0" name="Test" tests="12" failures="0" timestamp="17 May 2018 16:05:31 GMT" time="0.609" errors="0">
  <testcase name="Do_Parameterization" time="0.094" classname="DriverScripts_Scenarios.Ashot_Comparion_QA_Live"/>
  <testcase name="Do_Parameterization" time="0.031" classname="DriverScripts_Scenarios.Ashot_Comparion_QA_Live"/>
  <testcase name="Do_Parameterization" time="0.031" classname="DriverScripts_Scenarios.Ashot_Comparion_QA_Live"/>
  <testcase name="Do_Parameterization" time="0.047" classname="DriverScripts_Scenarios.Ashot_Comparion_QA_Live"/>
  <testcase name="Do_Parameterization" time="0.031" classname="DriverScripts_Scenarios.Ashot_Comparion_QA_Live"/>
  <testcase name="Do_Parameterization" time="0.047" classname="DriverScripts_Scenarios.Ashot_Comparion_QA_Live"/>
  <testcase name="Do_Parameterization" time="0.063" classname="DriverScripts_Scenarios.Ashot_Comparion_QA_Live"/>
  <testcase name="Do_Parameterization" time="0.031" classname="DriverScripts_Scenarios.Ashot_Comparion_QA_Live"/>
  <testcase name="Do_Parameterization" time="0.047" classname="DriverScripts_Scenarios.Ashot_Comparion_QA_Live"/>
  <testcase name="Do_Parameterization" time="0.031" classname="DriverScripts_Scenarios.Ashot_Comparion_QA_Live"/>
  <testcase name="Do_Parameterization" time="0.031" classname="DriverScripts_Scenarios.Ashot_Comparion_QA_Live"/>
  <testcase name="Do_Parameterization" time="0.031" classname="DriverScripts_Scenarios.Ashot_Comparion_QA_Live"/>
</testsuite> <!-- Test -->
