<?xml version="1.0" encoding="UTF-8"?>
<!-- Generated by org.testng.reporters.JUnitXMLReporter -->
<testsuite hostname="TDIN507" ignored="0" name="Test" tests="18" failures="0" timestamp="05 Oct 2018 10:20:00 GMT" time="433.031" errors="0">
  <testcase name="Do_Parameterization" time="154.9" classname="DriverScripts_Scenarios.Upsell_Crossell_Page_Verification"/>
  <testcase name="Do_Parameterization" time="13.52" classname="DriverScripts_Scenarios.Upsell_Crossell_Page_Verification"/>
  <testcase name="Do_Parameterization" time="9.84" classname="DriverScripts_Scenarios.Upsell_Crossell_Page_Verification"/>
  <testcase name="Do_Parameterization" time="125.038" classname="DriverScripts_Scenarios.Upsell_Crossell_Page_Verification"/>
  <testcase name="Do_Parameterization" time="14.317" classname="DriverScripts_Scenarios.Upsell_Crossell_Page_Verification"/>
  <testcase name="Do_Parameterization" time="6.408" classname="DriverScripts_Scenarios.Upsell_Crossell_Page_Verification"/>
  <testcase name="Do_Parameterization" time="12.837" classname="DriverScripts_Scenarios.Upsell_Crossell_Page_Verification"/>
  <testcase name="Do_Parameterization" time="7.882" classname="DriverScripts_Scenarios.Upsell_Crossell_Page_Verification"/>
  <testcase name="Do_Parameterization" time="7.245" classname="DriverScripts_Scenarios.Upsell_Crossell_Page_Verification"/>
  <testcase name="Do_Parameterization" time="12.052" classname="DriverScripts_Scenarios.Upsell_Crossell_Page_Verification"/>
  <testcase name="Do_Parameterization" time="6.871" classname="DriverScripts_Scenarios.Upsell_Crossell_Page_Verification"/>
  <testcase name="Do_Parameterization" time="6.619" classname="DriverScripts_Scenarios.Upsell_Crossell_Page_Verification"/>
  <testcase name="Do_Parameterization" time="14.851" classname="DriverScripts_Scenarios.Upsell_Crossell_Page_Verification"/>
  <testcase name="Do_Parameterization" time="7.312" classname="DriverScripts_Scenarios.Upsell_Crossell_Page_Verification"/>
  <testcase name="Do_Parameterization" time="6.931" classname="DriverScripts_Scenarios.Upsell_Crossell_Page_Verification"/>
  <testcase name="Do_Parameterization" time="11.837" classname="DriverScripts_Scenarios.Upsell_Crossell_Page_Verification"/>
  <testcase name="Do_Parameterization" time="6.441" classname="DriverScripts_Scenarios.Upsell_Crossell_Page_Verification"/>
  <testcase name="Do_Parameterization" time="6.529" classname="DriverScripts_Scenarios.Upsell_Crossell_Page_Verification"/>
</testsuite> <!-- Test -->
