<?xml version="1.0" encoding="UTF-8"?>
<!-- Generated by org.testng.reporters.JUnitXMLReporter -->
<testsuite hostname="TDIN507" ignored="0" name="Test" tests="13" failures="0" timestamp="03 Jul 2018 08:09:45 GMT" time="1793.205" errors="0">
  <testcase name="Do_Parameterization" time="0.0" classname="DriverScripts_Scenarios.Zuora_Subscription_Random_user"/>
  <testcase name="Do_Parameterization" time="0.0" classname="DriverScripts_Scenarios.Zuora_Subscription_Random_user"/>
  <testcase name="Do_Parameterization" time="0.0" classname="DriverScripts_Scenarios.Zuora_Subscription_Random_user"/>
  <testcase name="Do_Parameterization" time="0.0" classname="DriverScripts_Scenarios.Zuora_Subscription_Random_user"/>
  <testcase name="Do_Parameterization" time="0.0" classname="DriverScripts_Scenarios.Zuora_Subscription_Random_user"/>
  <testcase name="Do_Parameterization" time="0.0" classname="DriverScripts_Scenarios.Zuora_Subscription_Random_user"/>
  <testcase name="Do_Parameterization" time="0.0" classname="DriverScripts_Scenarios.Zuora_Subscription_Random_user"/>
  <testcase name="Do_Parameterization" time="356.659" classname="DriverScripts_Scenarios.Zuora_Subscription_Random_user"/>
  <testcase name="Do_Parameterization" time="338.855" classname="DriverScripts_Scenarios.Zuora_Subscription_Random_user"/>
  <testcase name="Do_Parameterization" time="0.0" classname="DriverScripts_Scenarios.Zuora_Subscription_Random_user"/>
  <testcase name="Do_Parameterization" time="339.368" classname="DriverScripts_Scenarios.Zuora_Subscription_Random_user"/>
  <testcase name="Do_Parameterization" time="376.676" classname="DriverScripts_Scenarios.Zuora_Subscription_Random_user"/>
  <testcase name="aftertest" time="381.587" classname="DriverScripts_Scenarios.Zuora_Subscription_Random_user"/>
</testsuite> <!-- Test -->
