<?xml version="1.0" encoding="UTF-8"?>
<testng-results skipped="0" failed="0" ignored="0" total="96" passed="96">
  <reporter-output>
  </reporter-output>
  <suite name="Default suite" duration-ms="5638225" started-at="2018-10-10T11:53:00Z" finished-at="2018-10-10T13:26:58Z">
    <groups>
    </groups>
    <test name="Default test" duration-ms="5638225" started-at="2018-10-10T11:53:00Z" finished-at="2018-10-10T13:26:58Z">
      <class name="DriverScripts_Scenarios.Upsell_Crossell_flow">
        <test-method status="PASS" signature="beforesuite()[pri:0, instance:DriverScripts_Scenarios.Upsell_Crossell_flow@5025a98f]" name="beforesuite" is-config="true" duration-ms="8380" started-at="2018-10-10T11:52:51Z" finished-at="2018-10-10T11:53:00Z">
          <reporter-output>
          </reporter-output>
        </test-method> <!-- beforesuite -->
        <test-method status="PASS" signature="Do_Parameterization(java.lang.String, java.lang.String, java.lang.String, java.lang.String, java.lang.String, java.lang.String, java.lang.String, java.lang.String, java.lang.String, java.lang.String, java.lang.String, java.lang.String, java.lang.String, java.lang.String, java.lang.String, java.lang.String, java.lang.String, java.lang.String, java.lang.String, java.lang.String, java.lang.String, java.lang.String, java.lang.String, java.lang.String, java.lang.String, java.lang.String, java.lang.String, java.lang.String, java.lang.String, java.lang.String, java.lang.String, java.lang.String)[pri:0, instance:DriverScripts_Scenarios.Upsell_Crossell_flow@5025a98f]" name="Do_Parameterization" duration-ms="5" started-at="2018-10-10T11:53:01Z" data-provider="Data" finished-at="2018-10-10T11:53:01Z">
          <params>
            <param index="0">
              <value>
                <![CDATA[No]]>
              </value>
            </param>
            <param index="1">
              <value>
                <![CDATA[Yes]]>
              </value>
            </param>
            <param index="2">
              <value>
                <![CDATA[No]]>
              </value>
            </param>
            <param index="3">
              <value>
                <![CDATA[No]]>
              </value>
            </param>
            <param index="4">
              <value>
                <![CDATA[No]]>
              </value>
            </param>
            <param index="5">
              <value>
                <![CDATA[No]]>
              </value>
            </param>
            <param index="6">
              <value>
                <![CDATA[Yes]]>
              </value>
            </param>
            <param index="7">
              <value>
                <![CDATA[No]]>
              </value>
            </param>
            <param index="8">
              <value>
                <![CDATA[No]]>
              </value>
            </param>
            <param index="9">
              <value>
                <![CDATA[Action Alerts PLUS]]>
              </value>
            </param>
            <param index="10">
              <value>
                <![CDATA[AAP0020]]>
              </value>
            </param>
            <param index="11">
              <value>
                <![CDATA[https://demosecure2.thestreet.com/cap/prm.do?OID=AAP0020]]>
              </value>
            </param>
            <param index="12">
              <value>
                <![CDATA[email_email_]]>
              </value>
            </param>
            <param index="13">
              <value>
                <![CDATA[fname]]>
              </value>
            </param>
            <param index="14">
              <value>
                <![CDATA[lname]]>
              </value>
            </param>
            <param index="15">
              <value>
                <![CDATA[thestreet]]>
              </value>
            </param>
            <param index="16">
              <value>
                <![CDATA[thestreet]]>
              </value>
            </param>
            <param index="17">
              <value>
                <![CDATA[Two Year]]>
              </value>
            </param>
            <param index="18">
              <value>
                <![CDATA[4111111111111111]]>
              </value>
            </param>
            <param index="19">
              <value>
                <![CDATA[123]]>
              </value>
            </param>
            <param index="20">
              <value>
                <![CDATA[07]]>
              </value>
            </param>
            <param index="21">
              <value>
                <![CDATA[2020]]>
              </value>
            </param>
            <param index="22">
              <value>
                <![CDATA[automation]]>
              </value>
            </param>
            <param index="23">
              <value>
                <![CDATA[14 wall street]]>
              </value>
            </param>
            <param index="24">
              <value>
                <![CDATA[New York]]>
              </value>
            </param>
            <param index="25">
              <value>
                <![CDATA[New York]]>
              </value>
            </param>
            <param index="26">
              <value>
                <![CDATA[New Jersey]]>
              </value>
            </param>
            <param index="27">
              <value>
                <![CDATA[United states]]>
              </value>
            </param>
            <param index="28">
              <value>
                <![CDATA[55555]]>
              </value>
            </param>
            <param index="29">
              <value>
                <![CDATA[9876543210]]>
              </value>
            </param>
            <param index="30">
              <value>
                <![CDATA[https://stageaap.thestreet.com/login/basic]]>
              </value>
            </param>
            <param index="31">
              <value>
                <![CDATA[Demo]]>
              </value>
            </param>
          </params>
          <reporter-output>
          </reporter-output>
        </test-method> <!-- Do_Parameterization -->
        <test-method status="PASS" signature="Do_Parameterization(java.lang.String, java.lang.String, java.lang.String, java.lang.String, java.lang.String, java.lang.String, java.lang.String, java.lang.String, java.lang.String, java.lang.String, java.lang.String, java.lang.String, java.lang.String, java.lang.String, java.lang.String, java.lang.String, java.lang.String, java.lang.String, java.lang.String, java.lang.String, java.lang.String, java.lang.String, java.lang.String, java.lang.String, java.lang.String, java.lang.String, java.lang.String, java.lang.String, java.lang.String, java.lang.String, java.lang.String, java.lang.String)[pri:0, instance:DriverScripts_Scenarios.Upsell_Crossell_flow@5025a98f]" name="Do_Parameterization" duration-ms="1" started-at="2018-10-10T11:53:01Z" data-provider="Data" finished-at="2018-10-10T11:53:01Z">
          <params>
            <param index="0">
              <value>
                <![CDATA[No]]>
              </value>
            </param>
            <param index="1">
              <value>
                <![CDATA[Yes]]>
              </value>
            </param>
            <param index="2">
              <value>
                <![CDATA[No]]>
              </value>
            </param>
            <param index="3">
              <value>
                <![CDATA[No]]>
              </value>
            </param>
            <param index="4">
              <value>
                <![CDATA[No]]>
              </value>
            </param>
            <param index="5">
              <value>
                <![CDATA[No]]>
              </value>
            </param>
            <param index="6">
              <value>
                <![CDATA[No]]>
              </value>
            </param>
            <param index="7">
              <value>
                <![CDATA[Yes]]>
              </value>
            </param>
            <param index="8">
              <value>
                <![CDATA[No]]>
              </value>
            </param>
            <param index="9">
              <value>
                <![CDATA[Action Alerts PLUS]]>
              </value>
            </param>
            <param index="10">
              <value>
                <![CDATA[AAP0020]]>
              </value>
            </param>
            <param index="11">
              <value>
                <![CDATA[https://demosecure2.thestreet.com/cap/prm.do?OID=AAP0020]]>
              </value>
            </param>
            <param index="12">
              <value>
                <![CDATA[email_email_]]>
              </value>
            </param>
            <param index="13">
              <value>
                <![CDATA[fname]]>
              </value>
            </param>
            <param index="14">
              <value>
                <![CDATA[lname]]>
              </value>
            </param>
            <param index="15">
              <value>
                <![CDATA[thestreet]]>
              </value>
            </param>
            <param index="16">
              <value>
                <![CDATA[thestreet]]>
              </value>
            </param>
            <param index="17">
              <value>
                <![CDATA[Two Year]]>
              </value>
            </param>
            <param index="18">
              <value>
                <![CDATA[4111111111111111]]>
              </value>
            </param>
            <param index="19">
              <value>
                <![CDATA[123]]>
              </value>
            </param>
            <param index="20">
              <value>
                <![CDATA[07]]>
              </value>
            </param>
            <param index="21">
              <value>
                <![CDATA[2020]]>
              </value>
            </param>
            <param index="22">
              <value>
                <![CDATA[automation]]>
              </value>
            </param>
            <param index="23">
              <value>
                <![CDATA[14 wall street]]>
              </value>
            </param>
            <param index="24">
              <value>
                <![CDATA[New York]]>
              </value>
            </param>
            <param index="25">
              <value>
                <![CDATA[New York]]>
              </value>
            </param>
            <param index="26">
              <value>
                <![CDATA[New Jersey]]>
              </value>
            </param>
            <param index="27">
              <value>
                <![CDATA[United states]]>
              </value>
            </param>
            <param index="28">
              <value>
                <![CDATA[55555]]>
              </value>
            </param>
            <param index="29">
              <value>
                <![CDATA[9876543210]]>
              </value>
            </param>
            <param index="30">
              <value>
                <![CDATA[https://stageaap.thestreet.com/login/basic]]>
              </value>
            </param>
            <param index="31">
              <value>
                <![CDATA[Demo]]>
              </value>
            </param>
          </params>
          <reporter-output>
          </reporter-output>
        </test-method> <!-- Do_Parameterization -->
        <test-method status="PASS" signature="Do_Parameterization(java.lang.String, java.lang.String, java.lang.String, java.lang.String, java.lang.String, java.lang.String, java.lang.String, java.lang.String, java.lang.String, java.lang.String, java.lang.String, java.lang.String, java.lang.String, java.lang.String, java.lang.String, java.lang.String, java.lang.String, java.lang.String, java.lang.String, java.lang.String, java.lang.String, java.lang.String, java.lang.String, java.lang.String, java.lang.String, java.lang.String, java.lang.String, java.lang.String, java.lang.String, java.lang.String, java.lang.String, java.lang.String)[pri:0, instance:DriverScripts_Scenarios.Upsell_Crossell_flow@5025a98f]" name="Do_Parameterization" duration-ms="1" started-at="2018-10-10T11:53:01Z" data-provider="Data" finished-at="2018-10-10T11:53:01Z">
          <params>
            <param index="0">
              <value>
                <![CDATA[No]]>
              </value>
            </param>
            <param index="1">
              <value>
                <![CDATA[Yes]]>
              </value>
            </param>
            <param index="2">
              <value>
                <![CDATA[No]]>
              </value>
            </param>
            <param index="3">
              <value>
                <![CDATA[No]]>
              </value>
            </param>
            <param index="4">
              <value>
                <![CDATA[No]]>
              </value>
            </param>
            <param index="5">
              <value>
                <![CDATA[No]]>
              </value>
            </param>
            <param index="6">
              <value>
                <![CDATA[No]]>
              </value>
            </param>
            <param index="7">
              <value>
                <![CDATA[No]]>
              </value>
            </param>
            <param index="8">
              <value>
                <![CDATA[No]]>
              </value>
            </param>
            <param index="9">
              <value>
                <![CDATA[Action Alerts PLUS]]>
              </value>
            </param>
            <param index="10">
              <value>
                <![CDATA[AAP0020]]>
              </value>
            </param>
            <param index="11">
              <value>
                <![CDATA[https://demosecure2.thestreet.com/cap/prm.do?OID=AAP0020]]>
              </value>
            </param>
            <param index="12">
              <value>
                <![CDATA[email_email_]]>
              </value>
            </param>
            <param index="13">
              <value>
                <![CDATA[fname]]>
              </value>
            </param>
            <param index="14">
              <value>
                <![CDATA[lname]]>
              </value>
            </param>
            <param index="15">
              <value>
                <![CDATA[thestreet]]>
              </value>
            </param>
            <param index="16">
              <value>
                <![CDATA[thestreet]]>
              </value>
            </param>
            <param index="17">
              <value>
                <![CDATA[Two Year]]>
              </value>
            </param>
            <param index="18">
              <value>
                <![CDATA[4111111111111111]]>
              </value>
            </param>
            <param index="19">
              <value>
                <![CDATA[123]]>
              </value>
            </param>
            <param index="20">
              <value>
                <![CDATA[07]]>
              </value>
            </param>
            <param index="21">
              <value>
                <![CDATA[2020]]>
              </value>
            </param>
            <param index="22">
              <value>
                <![CDATA[automation]]>
              </value>
            </param>
            <param index="23">
              <value>
                <![CDATA[14 wall street]]>
              </value>
            </param>
            <param index="24">
              <value>
                <![CDATA[New York]]>
              </value>
            </param>
            <param index="25">
              <value>
                <![CDATA[New York]]>
              </value>
            </param>
            <param index="26">
              <value>
                <![CDATA[New Jersey]]>
              </value>
            </param>
            <param index="27">
              <value>
                <![CDATA[United states]]>
              </value>
            </param>
            <param index="28">
              <value>
                <![CDATA[55555]]>
              </value>
            </param>
            <param index="29">
              <value>
                <![CDATA[9876543210]]>
              </value>
            </param>
            <param index="30">
              <value>
                <![CDATA[https://stageaap.thestreet.com/login/basic]]>
              </value>
            </param>
            <param index="31">
              <value>
                <![CDATA[Demo]]>
              </value>
            </param>
          </params>
          <reporter-output>
          </reporter-output>
        </test-method> <!-- Do_Parameterization -->
        <test-method status="PASS" signature="Do_Parameterization(java.lang.String, java.lang.String, java.lang.String, java.lang.String, java.lang.String, java.lang.String, java.lang.String, java.lang.String, java.lang.String, java.lang.String, java.lang.String, java.lang.String, java.lang.String, java.lang.String, java.lang.String, java.lang.String, java.lang.String, java.lang.String, java.lang.String, java.lang.String, java.lang.String, java.lang.String, java.lang.String, java.lang.String, java.lang.String, java.lang.String, java.lang.String, java.lang.String, java.lang.String, java.lang.String, java.lang.String, java.lang.String)[pri:0, instance:DriverScripts_Scenarios.Upsell_Crossell_flow@5025a98f]" name="Do_Parameterization" duration-ms="1" started-at="2018-10-10T11:53:01Z" data-provider="Data" finished-at="2018-10-10T11:53:01Z">
          <params>
            <param index="0">
              <value>
                <![CDATA[No]]>
              </value>
            </param>
            <param index="1">
              <value>
                <![CDATA[Yes]]>
              </value>
            </param>
            <param index="2">
              <value>
                <![CDATA[No]]>
              </value>
            </param>
            <param index="3">
              <value>
                <![CDATA[No]]>
              </value>
            </param>
            <param index="4">
              <value>
                <![CDATA[No]]>
              </value>
            </param>
            <param index="5">
              <value>
                <![CDATA[No]]>
              </value>
            </param>
            <param index="6">
              <value>
                <![CDATA[Yes]]>
              </value>
            </param>
            <param index="7">
              <value>
                <![CDATA[No]]>
              </value>
            </param>
            <param index="8">
              <value>
                <![CDATA[No]]>
              </value>
            </param>
            <param index="9">
              <value>
                <![CDATA[Action Alerts PLUS]]>
              </value>
            </param>
            <param index="10">
              <value>
                <![CDATA[AAP0022]]>
              </value>
            </param>
            <param index="11">
              <value>
                <![CDATA[https://demosecure2.thestreet.com/cap/prm.do?OID=AAP0022]]>
              </value>
            </param>
            <param index="12">
              <value>
                <![CDATA[email_email_]]>
              </value>
            </param>
            <param index="13">
              <value>
                <![CDATA[fname]]>
              </value>
            </param>
            <param index="14">
              <value>
                <![CDATA[lname]]>
              </value>
            </param>
            <param index="15">
              <value>
                <![CDATA[thestreet]]>
              </value>
            </param>
            <param index="16">
              <value>
                <![CDATA[thestreet]]>
              </value>
            </param>
            <param index="17">
              <value>
                <![CDATA[Annual]]>
              </value>
            </param>
            <param index="18">
              <value>
                <![CDATA[4111111111111111]]>
              </value>
            </param>
            <param index="19">
              <value>
                <![CDATA[123]]>
              </value>
            </param>
            <param index="20">
              <value>
                <![CDATA[07]]>
              </value>
            </param>
            <param index="21">
              <value>
                <![CDATA[2020]]>
              </value>
            </param>
            <param index="22">
              <value>
                <![CDATA[automation]]>
              </value>
            </param>
            <param index="23">
              <value>
                <![CDATA[14 wall street]]>
              </value>
            </param>
            <param index="24">
              <value>
                <![CDATA[New York]]>
              </value>
            </param>
            <param index="25">
              <value>
                <![CDATA[New York]]>
              </value>
            </param>
            <param index="26">
              <value>
                <![CDATA[New Jersey]]>
              </value>
            </param>
            <param index="27">
              <value>
                <![CDATA[United states]]>
              </value>
            </param>
            <param index="28">
              <value>
                <![CDATA[55555]]>
              </value>
            </param>
            <param index="29">
              <value>
                <![CDATA[9876543210]]>
              </value>
            </param>
            <param index="30">
              <value>
                <![CDATA[https://stageaap.thestreet.com/login/basic]]>
              </value>
            </param>
            <param index="31">
              <value>
                <![CDATA[Demo]]>
              </value>
            </param>
          </params>
          <reporter-output>
          </reporter-output>
        </test-method> <!-- Do_Parameterization -->
        <test-method status="PASS" signature="Do_Parameterization(java.lang.String, java.lang.String, java.lang.String, java.lang.String, java.lang.String, java.lang.String, java.lang.String, java.lang.String, java.lang.String, java.lang.String, java.lang.String, java.lang.String, java.lang.String, java.lang.String, java.lang.String, java.lang.String, java.lang.String, java.lang.String, java.lang.String, java.lang.String, java.lang.String, java.lang.String, java.lang.String, java.lang.String, java.lang.String, java.lang.String, java.lang.String, java.lang.String, java.lang.String, java.lang.String, java.lang.String, java.lang.String)[pri:0, instance:DriverScripts_Scenarios.Upsell_Crossell_flow@5025a98f]" name="Do_Parameterization" duration-ms="1" started-at="2018-10-10T11:53:01Z" data-provider="Data" finished-at="2018-10-10T11:53:01Z">
          <params>
            <param index="0">
              <value>
                <![CDATA[No]]>
              </value>
            </param>
            <param index="1">
              <value>
                <![CDATA[Yes]]>
              </value>
            </param>
            <param index="2">
              <value>
                <![CDATA[No]]>
              </value>
            </param>
            <param index="3">
              <value>
                <![CDATA[No]]>
              </value>
            </param>
            <param index="4">
              <value>
                <![CDATA[No]]>
              </value>
            </param>
            <param index="5">
              <value>
                <![CDATA[No]]>
              </value>
            </param>
            <param index="6">
              <value>
                <![CDATA[No]]>
              </value>
            </param>
            <param index="7">
              <value>
                <![CDATA[Yes]]>
              </value>
            </param>
            <param index="8">
              <value>
                <![CDATA[No]]>
              </value>
            </param>
            <param index="9">
              <value>
                <![CDATA[Action Alerts PLUS]]>
              </value>
            </param>
            <param index="10">
              <value>
                <![CDATA[AAP0022]]>
              </value>
            </param>
            <param index="11">
              <value>
                <![CDATA[https://demosecure2.thestreet.com/cap/prm.do?OID=AAP0022]]>
              </value>
            </param>
            <param index="12">
              <value>
                <![CDATA[email_email_]]>
              </value>
            </param>
            <param index="13">
              <value>
                <![CDATA[fname]]>
              </value>
            </param>
            <param index="14">
              <value>
                <![CDATA[lname]]>
              </value>
            </param>
            <param index="15">
              <value>
                <![CDATA[thestreet]]>
              </value>
            </param>
            <param index="16">
              <value>
                <![CDATA[thestreet]]>
              </value>
            </param>
            <param index="17">
              <value>
                <![CDATA[Annual]]>
              </value>
            </param>
            <param index="18">
              <value>
                <![CDATA[4111111111111111]]>
              </value>
            </param>
            <param index="19">
              <value>
                <![CDATA[123]]>
              </value>
            </param>
            <param index="20">
              <value>
                <![CDATA[07]]>
              </value>
            </param>
            <param index="21">
              <value>
                <![CDATA[2020]]>
              </value>
            </param>
            <param index="22">
              <value>
                <![CDATA[automation]]>
              </value>
            </param>
            <param index="23">
              <value>
                <![CDATA[14 wall street]]>
              </value>
            </param>
            <param index="24">
              <value>
                <![CDATA[New York]]>
              </value>
            </param>
            <param index="25">
              <value>
                <![CDATA[New York]]>
              </value>
            </param>
            <param index="26">
              <value>
                <![CDATA[New Jersey]]>
              </value>
            </param>
            <param index="27">
              <value>
                <![CDATA[United states]]>
              </value>
            </param>
            <param index="28">
              <value>
                <![CDATA[55555]]>
              </value>
            </param>
            <param index="29">
              <value>
                <![CDATA[9876543210]]>
              </value>
            </param>
            <param index="30">
              <value>
                <![CDATA[https://stageaap.thestreet.com/login/basic]]>
              </value>
            </param>
            <param index="31">
              <value>
                <![CDATA[Demo]]>
              </value>
            </param>
          </params>
          <reporter-output>
          </reporter-output>
        </test-method> <!-- Do_Parameterization -->
        <test-method status="PASS" signature="Do_Parameterization(java.lang.String, java.lang.String, java.lang.String, java.lang.String, java.lang.String, java.lang.String, java.lang.String, java.lang.String, java.lang.String, java.lang.String, java.lang.String, java.lang.String, java.lang.String, java.lang.String, java.lang.String, java.lang.String, java.lang.String, java.lang.String, java.lang.String, java.lang.String, java.lang.String, java.lang.String, java.lang.String, java.lang.String, java.lang.String, java.lang.String, java.lang.String, java.lang.String, java.lang.String, java.lang.String, java.lang.String, java.lang.String)[pri:0, instance:DriverScripts_Scenarios.Upsell_Crossell_flow@5025a98f]" name="Do_Parameterization" duration-ms="1" started-at="2018-10-10T11:53:01Z" data-provider="Data" finished-at="2018-10-10T11:53:01Z">
          <params>
            <param index="0">
              <value>
                <![CDATA[No]]>
              </value>
            </param>
            <param index="1">
              <value>
                <![CDATA[Yes]]>
              </value>
            </param>
            <param index="2">
              <value>
                <![CDATA[No]]>
              </value>
            </param>
            <param index="3">
              <value>
                <![CDATA[No]]>
              </value>
            </param>
            <param index="4">
              <value>
                <![CDATA[No]]>
              </value>
            </param>
            <param index="5">
              <value>
                <![CDATA[No]]>
              </value>
            </param>
            <param index="6">
              <value>
                <![CDATA[No]]>
              </value>
            </param>
            <param index="7">
              <value>
                <![CDATA[No]]>
              </value>
            </param>
            <param index="8">
              <value>
                <![CDATA[No]]>
              </value>
            </param>
            <param index="9">
              <value>
                <![CDATA[Action Alerts PLUS]]>
              </value>
            </param>
            <param index="10">
              <value>
                <![CDATA[AAP0022]]>
              </value>
            </param>
            <param index="11">
              <value>
                <![CDATA[https://demosecure2.thestreet.com/cap/prm.do?OID=AAP0022]]>
              </value>
            </param>
            <param index="12">
              <value>
                <![CDATA[email_email_]]>
              </value>
            </param>
            <param index="13">
              <value>
                <![CDATA[fname]]>
              </value>
            </param>
            <param index="14">
              <value>
                <![CDATA[lname]]>
              </value>
            </param>
            <param index="15">
              <value>
                <![CDATA[thestreet]]>
              </value>
            </param>
            <param index="16">
              <value>
                <![CDATA[thestreet]]>
              </value>
            </param>
            <param index="17">
              <value>
                <![CDATA[Annual]]>
              </value>
            </param>
            <param index="18">
              <value>
                <![CDATA[4111111111111111]]>
              </value>
            </param>
            <param index="19">
              <value>
                <![CDATA[123]]>
              </value>
            </param>
            <param index="20">
              <value>
                <![CDATA[07]]>
              </value>
            </param>
            <param index="21">
              <value>
                <![CDATA[2020]]>
              </value>
            </param>
            <param index="22">
              <value>
                <![CDATA[automation]]>
              </value>
            </param>
            <param index="23">
              <value>
                <![CDATA[14 wall street]]>
              </value>
            </param>
            <param index="24">
              <value>
                <![CDATA[New York]]>
              </value>
            </param>
            <param index="25">
              <value>
                <![CDATA[New York]]>
              </value>
            </param>
            <param index="26">
              <value>
                <![CDATA[New Jersey]]>
              </value>
            </param>
            <param index="27">
              <value>
                <![CDATA[United states]]>
              </value>
            </param>
            <param index="28">
              <value>
                <![CDATA[55555]]>
              </value>
            </param>
            <param index="29">
              <value>
                <![CDATA[9876543210]]>
              </value>
            </param>
            <param index="30">
              <value>
                <![CDATA[https://stageaap.thestreet.com/login/basic]]>
              </value>
            </param>
            <param index="31">
              <value>
                <![CDATA[Demo]]>
              </value>
            </param>
          </params>
          <reporter-output>
          </reporter-output>
        </test-method> <!-- Do_Parameterization -->
        <test-method status="PASS" signature="Do_Parameterization(java.lang.String, java.lang.String, java.lang.String, java.lang.String, java.lang.String, java.lang.String, java.lang.String, java.lang.String, java.lang.String, java.lang.String, java.lang.String, java.lang.String, java.lang.String, java.lang.String, java.lang.String, java.lang.String, java.lang.String, java.lang.String, java.lang.String, java.lang.String, java.lang.String, java.lang.String, java.lang.String, java.lang.String, java.lang.String, java.lang.String, java.lang.String, java.lang.String, java.lang.String, java.lang.String, java.lang.String, java.lang.String)[pri:0, instance:DriverScripts_Scenarios.Upsell_Crossell_flow@5025a98f]" name="Do_Parameterization" duration-ms="5" started-at="2018-10-10T11:53:01Z" data-provider="Data" finished-at="2018-10-10T11:53:01Z">
          <params>
            <param index="0">
              <value>
                <![CDATA[No]]>
              </value>
            </param>
            <param index="1">
              <value>
                <![CDATA[Yes]]>
              </value>
            </param>
            <param index="2">
              <value>
                <![CDATA[No]]>
              </value>
            </param>
            <param index="3">
              <value>
                <![CDATA[No]]>
              </value>
            </param>
            <param index="4">
              <value>
                <![CDATA[No]]>
              </value>
            </param>
            <param index="5">
              <value>
                <![CDATA[No]]>
              </value>
            </param>
            <param index="6">
              <value>
                <![CDATA[Yes]]>
              </value>
            </param>
            <param index="7">
              <value>
                <![CDATA[No]]>
              </value>
            </param>
            <param index="8">
              <value>
                <![CDATA[No]]>
              </value>
            </param>
            <param index="9">
              <value>
                <![CDATA[Action Alerts PLUS]]>
              </value>
            </param>
            <param index="10">
              <value>
                <![CDATA[AAP0021]]>
              </value>
            </param>
            <param index="11">
              <value>
                <![CDATA[https://demosecure2.thestreet.com/cap/prm.do?OID=AAP0021]]>
              </value>
            </param>
            <param index="12">
              <value>
                <![CDATA[email_email_]]>
              </value>
            </param>
            <param index="13">
              <value>
                <![CDATA[fname]]>
              </value>
            </param>
            <param index="14">
              <value>
                <![CDATA[lname]]>
              </value>
            </param>
            <param index="15">
              <value>
                <![CDATA[thestreet]]>
              </value>
            </param>
            <param index="16">
              <value>
                <![CDATA[thestreet]]>
              </value>
            </param>
            <param index="17">
              <value>
                <![CDATA[Monthly]]>
              </value>
            </param>
            <param index="18">
              <value>
                <![CDATA[4111111111111111]]>
              </value>
            </param>
            <param index="19">
              <value>
                <![CDATA[123]]>
              </value>
            </param>
            <param index="20">
              <value>
                <![CDATA[07]]>
              </value>
            </param>
            <param index="21">
              <value>
                <![CDATA[2020]]>
              </value>
            </param>
            <param index="22">
              <value>
                <![CDATA[automation]]>
              </value>
            </param>
            <param index="23">
              <value>
                <![CDATA[14 wall street]]>
              </value>
            </param>
            <param index="24">
              <value>
                <![CDATA[New York]]>
              </value>
            </param>
            <param index="25">
              <value>
                <![CDATA[New York]]>
              </value>
            </param>
            <param index="26">
              <value>
                <![CDATA[New Jersey]]>
              </value>
            </param>
            <param index="27">
              <value>
                <![CDATA[United states]]>
              </value>
            </param>
            <param index="28">
              <value>
                <![CDATA[55555]]>
              </value>
            </param>
            <param index="29">
              <value>
                <![CDATA[9876543210]]>
              </value>
            </param>
            <param index="30">
              <value>
                <![CDATA[https://stageaap.thestreet.com/login/basic]]>
              </value>
            </param>
            <param index="31">
              <value>
                <![CDATA[Demo]]>
              </value>
            </param>
          </params>
          <reporter-output>
          </reporter-output>
        </test-method> <!-- Do_Parameterization -->
        <test-method status="PASS" signature="Do_Parameterization(java.lang.String, java.lang.String, java.lang.String, java.lang.String, java.lang.String, java.lang.String, java.lang.String, java.lang.String, java.lang.String, java.lang.String, java.lang.String, java.lang.String, java.lang.String, java.lang.String, java.lang.String, java.lang.String, java.lang.String, java.lang.String, java.lang.String, java.lang.String, java.lang.String, java.lang.String, java.lang.String, java.lang.String, java.lang.String, java.lang.String, java.lang.String, java.lang.String, java.lang.String, java.lang.String, java.lang.String, java.lang.String)[pri:0, instance:DriverScripts_Scenarios.Upsell_Crossell_flow@5025a98f]" name="Do_Parameterization" duration-ms="1" started-at="2018-10-10T11:53:01Z" data-provider="Data" finished-at="2018-10-10T11:53:01Z">
          <params>
            <param index="0">
              <value>
                <![CDATA[No]]>
              </value>
            </param>
            <param index="1">
              <value>
                <![CDATA[Yes]]>
              </value>
            </param>
            <param index="2">
              <value>
                <![CDATA[No]]>
              </value>
            </param>
            <param index="3">
              <value>
                <![CDATA[No]]>
              </value>
            </param>
            <param index="4">
              <value>
                <![CDATA[No]]>
              </value>
            </param>
            <param index="5">
              <value>
                <![CDATA[No]]>
              </value>
            </param>
            <param index="6">
              <value>
                <![CDATA[No]]>
              </value>
            </param>
            <param index="7">
              <value>
                <![CDATA[Yes]]>
              </value>
            </param>
            <param index="8">
              <value>
                <![CDATA[No]]>
              </value>
            </param>
            <param index="9">
              <value>
                <![CDATA[Action Alerts PLUS]]>
              </value>
            </param>
            <param index="10">
              <value>
                <![CDATA[AAP0021]]>
              </value>
            </param>
            <param index="11">
              <value>
                <![CDATA[https://demosecure2.thestreet.com/cap/prm.do?OID=AAP0021]]>
              </value>
            </param>
            <param index="12">
              <value>
                <![CDATA[email_email_]]>
              </value>
            </param>
            <param index="13">
              <value>
                <![CDATA[fname]]>
              </value>
            </param>
            <param index="14">
              <value>
                <![CDATA[lname]]>
              </value>
            </param>
            <param index="15">
              <value>
                <![CDATA[thestreet]]>
              </value>
            </param>
            <param index="16">
              <value>
                <![CDATA[thestreet]]>
              </value>
            </param>
            <param index="17">
              <value>
                <![CDATA[Monthly]]>
              </value>
            </param>
            <param index="18">
              <value>
                <![CDATA[4111111111111111]]>
              </value>
            </param>
            <param index="19">
              <value>
                <![CDATA[123]]>
              </value>
            </param>
            <param index="20">
              <value>
                <![CDATA[07]]>
              </value>
            </param>
            <param index="21">
              <value>
                <![CDATA[2020]]>
              </value>
            </param>
            <param index="22">
              <value>
                <![CDATA[automation]]>
              </value>
            </param>
            <param index="23">
              <value>
                <![CDATA[14 wall street]]>
              </value>
            </param>
            <param index="24">
              <value>
                <![CDATA[New York]]>
              </value>
            </param>
            <param index="25">
              <value>
                <![CDATA[New York]]>
              </value>
            </param>
            <param index="26">
              <value>
                <![CDATA[New Jersey]]>
              </value>
            </param>
            <param index="27">
              <value>
                <![CDATA[United states]]>
              </value>
            </param>
            <param index="28">
              <value>
                <![CDATA[55555]]>
              </value>
            </param>
            <param index="29">
              <value>
                <![CDATA[9876543210]]>
              </value>
            </param>
            <param index="30">
              <value>
                <![CDATA[https://stageaap.thestreet.com/login/basic]]>
              </value>
            </param>
            <param index="31">
              <value>
                <![CDATA[Demo]]>
              </value>
            </param>
          </params>
          <reporter-output>
          </reporter-output>
        </test-method> <!-- Do_Parameterization -->
        <test-method status="PASS" signature="Do_Parameterization(java.lang.String, java.lang.String, java.lang.String, java.lang.String, java.lang.String, java.lang.String, java.lang.String, java.lang.String, java.lang.String, java.lang.String, java.lang.String, java.lang.String, java.lang.String, java.lang.String, java.lang.String, java.lang.String, java.lang.String, java.lang.String, java.lang.String, java.lang.String, java.lang.String, java.lang.String, java.lang.String, java.lang.String, java.lang.String, java.lang.String, java.lang.String, java.lang.String, java.lang.String, java.lang.String, java.lang.String, java.lang.String)[pri:0, instance:DriverScripts_Scenarios.Upsell_Crossell_flow@5025a98f]" name="Do_Parameterization" duration-ms="1" started-at="2018-10-10T11:53:01Z" data-provider="Data" finished-at="2018-10-10T11:53:01Z">
          <params>
            <param index="0">
              <value>
                <![CDATA[No]]>
              </value>
            </param>
            <param index="1">
              <value>
                <![CDATA[Yes]]>
              </value>
            </param>
            <param index="2">
              <value>
                <![CDATA[No]]>
              </value>
            </param>
            <param index="3">
              <value>
                <![CDATA[No]]>
              </value>
            </param>
            <param index="4">
              <value>
                <![CDATA[No]]>
              </value>
            </param>
            <param index="5">
              <value>
                <![CDATA[No]]>
              </value>
            </param>
            <param index="6">
              <value>
                <![CDATA[No]]>
              </value>
            </param>
            <param index="7">
              <value>
                <![CDATA[No]]>
              </value>
            </param>
            <param index="8">
              <value>
                <![CDATA[No]]>
              </value>
            </param>
            <param index="9">
              <value>
                <![CDATA[Action Alerts PLUS]]>
              </value>
            </param>
            <param index="10">
              <value>
                <![CDATA[AAP0021]]>
              </value>
            </param>
            <param index="11">
              <value>
                <![CDATA[https://demosecure2.thestreet.com/cap/prm.do?OID=AAP0021]]>
              </value>
            </param>
            <param index="12">
              <value>
                <![CDATA[email_email_]]>
              </value>
            </param>
            <param index="13">
              <value>
                <![CDATA[fname]]>
              </value>
            </param>
            <param index="14">
              <value>
                <![CDATA[lname]]>
              </value>
            </param>
            <param index="15">
              <value>
                <![CDATA[thestreet]]>
              </value>
            </param>
            <param index="16">
              <value>
                <![CDATA[thestreet]]>
              </value>
            </param>
            <param index="17">
              <value>
                <![CDATA[Monthly]]>
              </value>
            </param>
            <param index="18">
              <value>
                <![CDATA[4111111111111111]]>
              </value>
            </param>
            <param index="19">
              <value>
                <![CDATA[123]]>
              </value>
            </param>
            <param index="20">
              <value>
                <![CDATA[07]]>
              </value>
            </param>
            <param index="21">
              <value>
                <![CDATA[2020]]>
              </value>
            </param>
            <param index="22">
              <value>
                <![CDATA[automation]]>
              </value>
            </param>
            <param index="23">
              <value>
                <![CDATA[14 wall street]]>
              </value>
            </param>
            <param index="24">
              <value>
                <![CDATA[New York]]>
              </value>
            </param>
            <param index="25">
              <value>
                <![CDATA[New York]]>
              </value>
            </param>
            <param index="26">
              <value>
                <![CDATA[New Jersey]]>
              </value>
            </param>
            <param index="27">
              <value>
                <![CDATA[United states]]>
              </value>
            </param>
            <param index="28">
              <value>
                <![CDATA[55555]]>
              </value>
            </param>
            <param index="29">
              <value>
                <![CDATA[9876543210]]>
              </value>
            </param>
            <param index="30">
              <value>
                <![CDATA[https://stageaap.thestreet.com/login/basic]]>
              </value>
            </param>
            <param index="31">
              <value>
                <![CDATA[Demo]]>
              </value>
            </param>
          </params>
          <reporter-output>
          </reporter-output>
        </test-method> <!-- Do_Parameterization -->
        <test-method status="PASS" signature="Do_Parameterization(java.lang.String, java.lang.String, java.lang.String, java.lang.String, java.lang.String, java.lang.String, java.lang.String, java.lang.String, java.lang.String, java.lang.String, java.lang.String, java.lang.String, java.lang.String, java.lang.String, java.lang.String, java.lang.String, java.lang.String, java.lang.String, java.lang.String, java.lang.String, java.lang.String, java.lang.String, java.lang.String, java.lang.String, java.lang.String, java.lang.String, java.lang.String, java.lang.String, java.lang.String, java.lang.String, java.lang.String, java.lang.String)[pri:0, instance:DriverScripts_Scenarios.Upsell_Crossell_flow@5025a98f]" name="Do_Parameterization" duration-ms="1" started-at="2018-10-10T11:53:01Z" data-provider="Data" finished-at="2018-10-10T11:53:01Z">
          <params>
            <param index="0">
              <value>
                <![CDATA[No]]>
              </value>
            </param>
            <param index="1">
              <value>
                <![CDATA[Yes]]>
              </value>
            </param>
            <param index="2">
              <value>
                <![CDATA[No]]>
              </value>
            </param>
            <param index="3">
              <value>
                <![CDATA[No]]>
              </value>
            </param>
            <param index="4">
              <value>
                <![CDATA[No]]>
              </value>
            </param>
            <param index="5">
              <value>
                <![CDATA[No]]>
              </value>
            </param>
            <param index="6">
              <value>
                <![CDATA[Yes]]>
              </value>
            </param>
            <param index="7">
              <value>
                <![CDATA[No]]>
              </value>
            </param>
            <param index="8">
              <value>
                <![CDATA[No]]>
              </value>
            </param>
            <param index="9">
              <value>
                <![CDATA[RealMoney Pro]]>
              </value>
            </param>
            <param index="10">
              <value>
                <![CDATA[RMP0020]]>
              </value>
            </param>
            <param index="11">
              <value>
                <![CDATA[https://demosecure2.thestreet.com/cap/prm.do?OID=RMP0020]]>
              </value>
            </param>
            <param index="12">
              <value>
                <![CDATA[email_email_]]>
              </value>
            </param>
            <param index="13">
              <value>
                <![CDATA[fname]]>
              </value>
            </param>
            <param index="14">
              <value>
                <![CDATA[lname]]>
              </value>
            </param>
            <param index="15">
              <value>
                <![CDATA[thestreet]]>
              </value>
            </param>
            <param index="16">
              <value>
                <![CDATA[thestreet]]>
              </value>
            </param>
            <param index="17">
              <value>
                <![CDATA[Monthly]]>
              </value>
            </param>
            <param index="18">
              <value>
                <![CDATA[4111111111111111]]>
              </value>
            </param>
            <param index="19">
              <value>
                <![CDATA[123]]>
              </value>
            </param>
            <param index="20">
              <value>
                <![CDATA[07]]>
              </value>
            </param>
            <param index="21">
              <value>
                <![CDATA[2020]]>
              </value>
            </param>
            <param index="22">
              <value>
                <![CDATA[automation]]>
              </value>
            </param>
            <param index="23">
              <value>
                <![CDATA[14 wall street]]>
              </value>
            </param>
            <param index="24">
              <value>
                <![CDATA[New York]]>
              </value>
            </param>
            <param index="25">
              <value>
                <![CDATA[New York]]>
              </value>
            </param>
            <param index="26">
              <value>
                <![CDATA[New Jersey]]>
              </value>
            </param>
            <param index="27">
              <value>
                <![CDATA[United states]]>
              </value>
            </param>
            <param index="28">
              <value>
                <![CDATA[55555]]>
              </value>
            </param>
            <param index="29">
              <value>
                <![CDATA[9876543210]]>
              </value>
            </param>
            <param index="30">
              <value>
                <![CDATA[https://stageaap.thestreet.com/login/basic]]>
              </value>
            </param>
            <param index="31">
              <value>
                <![CDATA[Demo]]>
              </value>
            </param>
          </params>
          <reporter-output>
          </reporter-output>
        </test-method> <!-- Do_Parameterization -->
        <test-method status="PASS" signature="Do_Parameterization(java.lang.String, java.lang.String, java.lang.String, java.lang.String, java.lang.String, java.lang.String, java.lang.String, java.lang.String, java.lang.String, java.lang.String, java.lang.String, java.lang.String, java.lang.String, java.lang.String, java.lang.String, java.lang.String, java.lang.String, java.lang.String, java.lang.String, java.lang.String, java.lang.String, java.lang.String, java.lang.String, java.lang.String, java.lang.String, java.lang.String, java.lang.String, java.lang.String, java.lang.String, java.lang.String, java.lang.String, java.lang.String)[pri:0, instance:DriverScripts_Scenarios.Upsell_Crossell_flow@5025a98f]" name="Do_Parameterization" duration-ms="1" started-at="2018-10-10T11:53:01Z" data-provider="Data" finished-at="2018-10-10T11:53:01Z">
          <params>
            <param index="0">
              <value>
                <![CDATA[No]]>
              </value>
            </param>
            <param index="1">
              <value>
                <![CDATA[Yes]]>
              </value>
            </param>
            <param index="2">
              <value>
                <![CDATA[No]]>
              </value>
            </param>
            <param index="3">
              <value>
                <![CDATA[No]]>
              </value>
            </param>
            <param index="4">
              <value>
                <![CDATA[No]]>
              </value>
            </param>
            <param index="5">
              <value>
                <![CDATA[No]]>
              </value>
            </param>
            <param index="6">
              <value>
                <![CDATA[No]]>
              </value>
            </param>
            <param index="7">
              <value>
                <![CDATA[Yes]]>
              </value>
            </param>
            <param index="8">
              <value>
                <![CDATA[No]]>
              </value>
            </param>
            <param index="9">
              <value>
                <![CDATA[RealMoney Pro]]>
              </value>
            </param>
            <param index="10">
              <value>
                <![CDATA[RMP0020]]>
              </value>
            </param>
            <param index="11">
              <value>
                <![CDATA[https://demosecure2.thestreet.com/cap/prm.do?OID=RMP0020]]>
              </value>
            </param>
            <param index="12">
              <value>
                <![CDATA[email_email_]]>
              </value>
            </param>
            <param index="13">
              <value>
                <![CDATA[fname]]>
              </value>
            </param>
            <param index="14">
              <value>
                <![CDATA[lname]]>
              </value>
            </param>
            <param index="15">
              <value>
                <![CDATA[thestreet]]>
              </value>
            </param>
            <param index="16">
              <value>
                <![CDATA[thestreet]]>
              </value>
            </param>
            <param index="17">
              <value>
                <![CDATA[Monthly]]>
              </value>
            </param>
            <param index="18">
              <value>
                <![CDATA[4111111111111111]]>
              </value>
            </param>
            <param index="19">
              <value>
                <![CDATA[123]]>
              </value>
            </param>
            <param index="20">
              <value>
                <![CDATA[07]]>
              </value>
            </param>
            <param index="21">
              <value>
                <![CDATA[2020]]>
              </value>
            </param>
            <param index="22">
              <value>
                <![CDATA[automation]]>
              </value>
            </param>
            <param index="23">
              <value>
                <![CDATA[14 wall street]]>
              </value>
            </param>
            <param index="24">
              <value>
                <![CDATA[New York]]>
              </value>
            </param>
            <param index="25">
              <value>
                <![CDATA[New York]]>
              </value>
            </param>
            <param index="26">
              <value>
                <![CDATA[New Jersey]]>
              </value>
            </param>
            <param index="27">
              <value>
                <![CDATA[United states]]>
              </value>
            </param>
            <param index="28">
              <value>
                <![CDATA[55555]]>
              </value>
            </param>
            <param index="29">
              <value>
                <![CDATA[9876543210]]>
              </value>
            </param>
            <param index="30">
              <value>
                <![CDATA[https://stageaap.thestreet.com/login/basic]]>
              </value>
            </param>
            <param index="31">
              <value>
                <![CDATA[Demo]]>
              </value>
            </param>
          </params>
          <reporter-output>
          </reporter-output>
        </test-method> <!-- Do_Parameterization -->
        <test-method status="PASS" signature="Do_Parameterization(java.lang.String, java.lang.String, java.lang.String, java.lang.String, java.lang.String, java.lang.String, java.lang.String, java.lang.String, java.lang.String, java.lang.String, java.lang.String, java.lang.String, java.lang.String, java.lang.String, java.lang.String, java.lang.String, java.lang.String, java.lang.String, java.lang.String, java.lang.String, java.lang.String, java.lang.String, java.lang.String, java.lang.String, java.lang.String, java.lang.String, java.lang.String, java.lang.String, java.lang.String, java.lang.String, java.lang.String, java.lang.String)[pri:0, instance:DriverScripts_Scenarios.Upsell_Crossell_flow@5025a98f]" name="Do_Parameterization" duration-ms="9" started-at="2018-10-10T11:53:01Z" data-provider="Data" finished-at="2018-10-10T11:53:01Z">
          <params>
            <param index="0">
              <value>
                <![CDATA[No]]>
              </value>
            </param>
            <param index="1">
              <value>
                <![CDATA[Yes]]>
              </value>
            </param>
            <param index="2">
              <value>
                <![CDATA[No]]>
              </value>
            </param>
            <param index="3">
              <value>
                <![CDATA[No]]>
              </value>
            </param>
            <param index="4">
              <value>
                <![CDATA[No]]>
              </value>
            </param>
            <param index="5">
              <value>
                <![CDATA[No]]>
              </value>
            </param>
            <param index="6">
              <value>
                <![CDATA[No]]>
              </value>
            </param>
            <param index="7">
              <value>
                <![CDATA[No]]>
              </value>
            </param>
            <param index="8">
              <value>
                <![CDATA[No]]>
              </value>
            </param>
            <param index="9">
              <value>
                <![CDATA[RealMoney Pro]]>
              </value>
            </param>
            <param index="10">
              <value>
                <![CDATA[RMP0020]]>
              </value>
            </param>
            <param index="11">
              <value>
                <![CDATA[https://demosecure2.thestreet.com/cap/prm.do?OID=RMP0020]]>
              </value>
            </param>
            <param index="12">
              <value>
                <![CDATA[email_email_]]>
              </value>
            </param>
            <param index="13">
              <value>
                <![CDATA[fname]]>
              </value>
            </param>
            <param index="14">
              <value>
                <![CDATA[lname]]>
              </value>
            </param>
            <param index="15">
              <value>
                <![CDATA[thestreet]]>
              </value>
            </param>
            <param index="16">
              <value>
                <![CDATA[thestreet]]>
              </value>
            </param>
            <param index="17">
              <value>
                <![CDATA[Monthly]]>
              </value>
            </param>
            <param index="18">
              <value>
                <![CDATA[4111111111111111]]>
              </value>
            </param>
            <param index="19">
              <value>
                <![CDATA[123]]>
              </value>
            </param>
            <param index="20">
              <value>
                <![CDATA[07]]>
              </value>
            </param>
            <param index="21">
              <value>
                <![CDATA[2020]]>
              </value>
            </param>
            <param index="22">
              <value>
                <![CDATA[automation]]>
              </value>
            </param>
            <param index="23">
              <value>
                <![CDATA[14 wall street]]>
              </value>
            </param>
            <param index="24">
              <value>
                <![CDATA[New York]]>
              </value>
            </param>
            <param index="25">
              <value>
                <![CDATA[New York]]>
              </value>
            </param>
            <param index="26">
              <value>
                <![CDATA[New Jersey]]>
              </value>
            </param>
            <param index="27">
              <value>
                <![CDATA[United states]]>
              </value>
            </param>
            <param index="28">
              <value>
                <![CDATA[55555]]>
              </value>
            </param>
            <param index="29">
              <value>
                <![CDATA[9876543210]]>
              </value>
            </param>
            <param index="30">
              <value>
                <![CDATA[https://stageaap.thestreet.com/login/basic]]>
              </value>
            </param>
            <param index="31">
              <value>
                <![CDATA[Demo]]>
              </value>
            </param>
          </params>
          <reporter-output>
          </reporter-output>
        </test-method> <!-- Do_Parameterization -->
        <test-method status="PASS" signature="Do_Parameterization(java.lang.String, java.lang.String, java.lang.String, java.lang.String, java.lang.String, java.lang.String, java.lang.String, java.lang.String, java.lang.String, java.lang.String, java.lang.String, java.lang.String, java.lang.String, java.lang.String, java.lang.String, java.lang.String, java.lang.String, java.lang.String, java.lang.String, java.lang.String, java.lang.String, java.lang.String, java.lang.String, java.lang.String, java.lang.String, java.lang.String, java.lang.String, java.lang.String, java.lang.String, java.lang.String, java.lang.String, java.lang.String)[pri:0, instance:DriverScripts_Scenarios.Upsell_Crossell_flow@5025a98f]" name="Do_Parameterization" duration-ms="1" started-at="2018-10-10T11:53:01Z" data-provider="Data" finished-at="2018-10-10T11:53:01Z">
          <params>
            <param index="0">
              <value>
                <![CDATA[No]]>
              </value>
            </param>
            <param index="1">
              <value>
                <![CDATA[Yes]]>
              </value>
            </param>
            <param index="2">
              <value>
                <![CDATA[No]]>
              </value>
            </param>
            <param index="3">
              <value>
                <![CDATA[No]]>
              </value>
            </param>
            <param index="4">
              <value>
                <![CDATA[No]]>
              </value>
            </param>
            <param index="5">
              <value>
                <![CDATA[No]]>
              </value>
            </param>
            <param index="6">
              <value>
                <![CDATA[Yes]]>
              </value>
            </param>
            <param index="7">
              <value>
                <![CDATA[No]]>
              </value>
            </param>
            <param index="8">
              <value>
                <![CDATA[No]]>
              </value>
            </param>
            <param index="9">
              <value>
                <![CDATA[RealMoney Pro]]>
              </value>
            </param>
            <param index="10">
              <value>
                <![CDATA[RMP0021]]>
              </value>
            </param>
            <param index="11">
              <value>
                <![CDATA[https://demosecure2.thestreet.com/cap/prm.do?OID=RMP0021]]>
              </value>
            </param>
            <param index="12">
              <value>
                <![CDATA[email_email_]]>
              </value>
            </param>
            <param index="13">
              <value>
                <![CDATA[fname]]>
              </value>
            </param>
            <param index="14">
              <value>
                <![CDATA[lname]]>
              </value>
            </param>
            <param index="15">
              <value>
                <![CDATA[thestreet]]>
              </value>
            </param>
            <param index="16">
              <value>
                <![CDATA[thestreet]]>
              </value>
            </param>
            <param index="17">
              <value>
                <![CDATA[Annual]]>
              </value>
            </param>
            <param index="18">
              <value>
                <![CDATA[4111111111111111]]>
              </value>
            </param>
            <param index="19">
              <value>
                <![CDATA[123]]>
              </value>
            </param>
            <param index="20">
              <value>
                <![CDATA[07]]>
              </value>
            </param>
            <param index="21">
              <value>
                <![CDATA[2020]]>
              </value>
            </param>
            <param index="22">
              <value>
                <![CDATA[automation]]>
              </value>
            </param>
            <param index="23">
              <value>
                <![CDATA[14 wall street]]>
              </value>
            </param>
            <param index="24">
              <value>
                <![CDATA[New York]]>
              </value>
            </param>
            <param index="25">
              <value>
                <![CDATA[New York]]>
              </value>
            </param>
            <param index="26">
              <value>
                <![CDATA[New Jersey]]>
              </value>
            </param>
            <param index="27">
              <value>
                <![CDATA[United states]]>
              </value>
            </param>
            <param index="28">
              <value>
                <![CDATA[55555]]>
              </value>
            </param>
            <param index="29">
              <value>
                <![CDATA[9876543210]]>
              </value>
            </param>
            <param index="30">
              <value>
                <![CDATA[https://stageaap.thestreet.com/login/basic]]>
              </value>
            </param>
            <param index="31">
              <value>
                <![CDATA[Demo]]>
              </value>
            </param>
          </params>
          <reporter-output>
          </reporter-output>
        </test-method> <!-- Do_Parameterization -->
        <test-method status="PASS" signature="Do_Parameterization(java.lang.String, java.lang.String, java.lang.String, java.lang.String, java.lang.String, java.lang.String, java.lang.String, java.lang.String, java.lang.String, java.lang.String, java.lang.String, java.lang.String, java.lang.String, java.lang.String, java.lang.String, java.lang.String, java.lang.String, java.lang.String, java.lang.String, java.lang.String, java.lang.String, java.lang.String, java.lang.String, java.lang.String, java.lang.String, java.lang.String, java.lang.String, java.lang.String, java.lang.String, java.lang.String, java.lang.String, java.lang.String)[pri:0, instance:DriverScripts_Scenarios.Upsell_Crossell_flow@5025a98f]" name="Do_Parameterization" duration-ms="11" started-at="2018-10-10T11:53:01Z" data-provider="Data" finished-at="2018-10-10T11:53:01Z">
          <params>
            <param index="0">
              <value>
                <![CDATA[No]]>
              </value>
            </param>
            <param index="1">
              <value>
                <![CDATA[Yes]]>
              </value>
            </param>
            <param index="2">
              <value>
                <![CDATA[No]]>
              </value>
            </param>
            <param index="3">
              <value>
                <![CDATA[No]]>
              </value>
            </param>
            <param index="4">
              <value>
                <![CDATA[No]]>
              </value>
            </param>
            <param index="5">
              <value>
                <![CDATA[No]]>
              </value>
            </param>
            <param index="6">
              <value>
                <![CDATA[No]]>
              </value>
            </param>
            <param index="7">
              <value>
                <![CDATA[Yes]]>
              </value>
            </param>
            <param index="8">
              <value>
                <![CDATA[No]]>
              </value>
            </param>
            <param index="9">
              <value>
                <![CDATA[RealMoney Pro]]>
              </value>
            </param>
            <param index="10">
              <value>
                <![CDATA[RMP0021]]>
              </value>
            </param>
            <param index="11">
              <value>
                <![CDATA[https://demosecure2.thestreet.com/cap/prm.do?OID=RMP0021]]>
              </value>
            </param>
            <param index="12">
              <value>
                <![CDATA[email_email_]]>
              </value>
            </param>
            <param index="13">
              <value>
                <![CDATA[fname]]>
              </value>
            </param>
            <param index="14">
              <value>
                <![CDATA[lname]]>
              </value>
            </param>
            <param index="15">
              <value>
                <![CDATA[thestreet]]>
              </value>
            </param>
            <param index="16">
              <value>
                <![CDATA[thestreet]]>
              </value>
            </param>
            <param index="17">
              <value>
                <![CDATA[Annual]]>
              </value>
            </param>
            <param index="18">
              <value>
                <![CDATA[4111111111111111]]>
              </value>
            </param>
            <param index="19">
              <value>
                <![CDATA[123]]>
              </value>
            </param>
            <param index="20">
              <value>
                <![CDATA[07]]>
              </value>
            </param>
            <param index="21">
              <value>
                <![CDATA[2020]]>
              </value>
            </param>
            <param index="22">
              <value>
                <![CDATA[automation]]>
              </value>
            </param>
            <param index="23">
              <value>
                <![CDATA[14 wall street]]>
              </value>
            </param>
            <param index="24">
              <value>
                <![CDATA[New York]]>
              </value>
            </param>
            <param index="25">
              <value>
                <![CDATA[New York]]>
              </value>
            </param>
            <param index="26">
              <value>
                <![CDATA[New Jersey]]>
              </value>
            </param>
            <param index="27">
              <value>
                <![CDATA[United states]]>
              </value>
            </param>
            <param index="28">
              <value>
                <![CDATA[55555]]>
              </value>
            </param>
            <param index="29">
              <value>
                <![CDATA[9876543210]]>
              </value>
            </param>
            <param index="30">
              <value>
                <![CDATA[https://stageaap.thestreet.com/login/basic]]>
              </value>
            </param>
            <param index="31">
              <value>
                <![CDATA[Demo]]>
              </value>
            </param>
          </params>
          <reporter-output>
          </reporter-output>
        </test-method> <!-- Do_Parameterization -->
        <test-method status="PASS" signature="Do_Parameterization(java.lang.String, java.lang.String, java.lang.String, java.lang.String, java.lang.String, java.lang.String, java.lang.String, java.lang.String, java.lang.String, java.lang.String, java.lang.String, java.lang.String, java.lang.String, java.lang.String, java.lang.String, java.lang.String, java.lang.String, java.lang.String, java.lang.String, java.lang.String, java.lang.String, java.lang.String, java.lang.String, java.lang.String, java.lang.String, java.lang.String, java.lang.String, java.lang.String, java.lang.String, java.lang.String, java.lang.String, java.lang.String)[pri:0, instance:DriverScripts_Scenarios.Upsell_Crossell_flow@5025a98f]" name="Do_Parameterization" duration-ms="1" started-at="2018-10-10T11:53:01Z" data-provider="Data" finished-at="2018-10-10T11:53:01Z">
          <params>
            <param index="0">
              <value>
                <![CDATA[No]]>
              </value>
            </param>
            <param index="1">
              <value>
                <![CDATA[Yes]]>
              </value>
            </param>
            <param index="2">
              <value>
                <![CDATA[No]]>
              </value>
            </param>
            <param index="3">
              <value>
                <![CDATA[No]]>
              </value>
            </param>
            <param index="4">
              <value>
                <![CDATA[No]]>
              </value>
            </param>
            <param index="5">
              <value>
                <![CDATA[No]]>
              </value>
            </param>
            <param index="6">
              <value>
                <![CDATA[No]]>
              </value>
            </param>
            <param index="7">
              <value>
                <![CDATA[No]]>
              </value>
            </param>
            <param index="8">
              <value>
                <![CDATA[No]]>
              </value>
            </param>
            <param index="9">
              <value>
                <![CDATA[RealMoney Pro]]>
              </value>
            </param>
            <param index="10">
              <value>
                <![CDATA[RMP0021]]>
              </value>
            </param>
            <param index="11">
              <value>
[...]
              </value>
            </param>
            <param index="12">
              <value>
                <![CDATA[email_email_]]>
              </value>
            </param>
            <param index="13">
              <value>
                <![CDATA[fname]]>
              </value>
            </param>
            <param index="14">
              <value>
                <![CDATA[lname]]>
              </value>
            </param>
            <param index="15">
              <value>
                <![CDATA[thestreet]]>
              </value>
            </param>
            <param index="16">
              <value>
                <![CDATA[thestreet]]>
              </value>
            </param>
            <param index="17">
              <value>
                <![CDATA[Annual]]>
              </value>
            </param>
            <param index="18">
              <value>
                <![CDATA[4111111111111111]]>
              </value>
            </param>
            <param index="19">
              <value>
                <![CDATA[123]]>
              </value>
            </param>
            <param index="20">
              <value>
                <![CDATA[07]]>
              </value>
            </param>
            <param index="21">
              <value>
                <![CDATA[2020]]>
              </value>
            </param>
            <param index="22">
              <value>
                <![CDATA[automation]]>
              </value>
            </param>
            <param index="23">
              <value>
                <![CDATA[14 wall street]]>
              </value>
            </param>
            <param index="24">
              <value>
                <![CDATA[New York]]>
              </value>
            </param>
            <param index="25">
              <value>
                <![CDATA[New York]]>
              </value>
            </param>
            <param index="26">
              <value>
                <![CDATA[New Jersey]]>
              </value>
            </param>
            <param index="27">
              <value>
                <![CDATA[United states]]>
              </value>
            </param>
            <param index="28">
              <value>
                <![CDATA[55555]]>
              </value>
            </param>
            <param index="29">
              <value>
                <![CDATA[9876543210]]>
              </value>
            </param>
            <param index="30">
              <value>
                <![CDATA[https://stageaap.thestreet.com/login/basic]]>
              </value>
            </param>
            <param index="31">
              <value>
                <![CDATA[Stage]]>
              </value>
            </param>
          </params>
          <reporter-output>
          </reporter-output>
        </test-method> <!-- Do_Parameterization -->
        <test-method status="PASS" signature="Do_Parameterization(java.lang.String, java.lang.String, java.lang.String, java.lang.String, java.lang.String, java.lang.String, java.lang.String, java.lang.String, java.lang.String, java.lang.String, java.lang.String, java.lang.String, java.lang.String, java.lang.String, java.lang.String, java.lang.String, java.lang.String, java.lang.String, java.lang.String, java.lang.String, java.lang.String, java.lang.String, java.lang.String, java.lang.String, java.lang.String, java.lang.String, java.lang.String, java.lang.String, java.lang.String, java.lang.String, java.lang.String, java.lang.String)[pri:0, instance:DriverScripts_Scenarios.Upsell_Crossell_flow@5025a98f]" name="Do_Parameterization" duration-ms="172575" started-at="2018-10-10T13:17:14Z" data-provider="Data" finished-at="2018-10-10T13:20:06Z">
          <params>
            <param index="0">
              <value>
                <![CDATA[Yes]]>
              </value>
            </param>
            <param index="1">
              <value>
                <![CDATA[Yes]]>
              </value>
            </param>
            <param index="2">
              <value>
                <![CDATA[No]]>
              </value>
            </param>
            <param index="3">
              <value>
                <![CDATA[No]]>
              </value>
            </param>
            <param index="4">
              <value>
                <![CDATA[No]]>
              </value>
            </param>
            <param index="5">
              <value>
                <![CDATA[No]]>
              </value>
            </param>
            <param index="6">
              <value>
                <![CDATA[Yes]]>
              </value>
            </param>
            <param index="7">
              <value>
                <![CDATA[No]]>
              </value>
            </param>
            <param index="8">
              <value>
                <![CDATA[Yes]]>
              </value>
            </param>
            <param index="9">
              <value>
                <![CDATA[Retirement Daily]]>
              </value>
            </param>
            <param index="10">
              <value>
                <![CDATA[RD0012]]>
              </value>
            </param>
            <param index="11">
              <value>
                <![CDATA[https://stagesecure2.thestreet.com/cap/prm.do?OID=RD0012]]>
              </value>
            </param>
            <param index="12">
              <value>
                <![CDATA[email_email_]]>
              </value>
            </param>
            <param index="13">
              <value>
                <![CDATA[fname]]>
              </value>
            </param>
            <param index="14">
              <value>
                <![CDATA[lname]]>
              </value>
            </param>
            <param index="15">
              <value>
                <![CDATA[thestreet]]>
              </value>
            </param>
            <param index="16">
              <value>
                <![CDATA[thestreet]]>
              </value>
            </param>
            <param index="17">
              <value>
                <![CDATA[Annual]]>
              </value>
            </param>
            <param index="18">
              <value>
                <![CDATA[4111111111111111]]>
              </value>
            </param>
            <param index="19">
              <value>
                <![CDATA[123]]>
              </value>
            </param>
            <param index="20">
              <value>
                <![CDATA[07]]>
              </value>
            </param>
            <param index="21">
              <value>
                <![CDATA[2020]]>
              </value>
            </param>
            <param index="22">
              <value>
                <![CDATA[automation]]>
              </value>
            </param>
            <param index="23">
              <value>
                <![CDATA[14 wall street]]>
              </value>
            </param>
            <param index="24">
              <value>
                <![CDATA[New York]]>
              </value>
            </param>
            <param index="25">
              <value>
                <![CDATA[New York]]>
              </value>
            </param>
            <param index="26">
              <value>
                <![CDATA[New Jersey]]>
              </value>
            </param>
            <param index="27">
              <value>
                <![CDATA[United states]]>
              </value>
            </param>
            <param index="28">
              <value>
                <![CDATA[55555]]>
              </value>
            </param>
            <param index="29">
              <value>
                <![CDATA[9876543210]]>
              </value>
            </param>
            <param index="30">
              <value>
                <![CDATA[https://stageaap.thestreet.com/login/basic]]>
              </value>
            </param>
            <param index="31">
              <value>
                <![CDATA[Stage]]>
              </value>
            </param>
          </params>
          <reporter-output>
          </reporter-output>
        </test-method> <!-- Do_Parameterization -->
        <test-method status="PASS" signature="Do_Parameterization(java.lang.String, java.lang.String, java.lang.String, java.lang.String, java.lang.String, java.lang.String, java.lang.String, java.lang.String, java.lang.String, java.lang.String, java.lang.String, java.lang.String, java.lang.String, java.lang.String, java.lang.String, java.lang.String, java.lang.String, java.lang.String, java.lang.String, java.lang.String, java.lang.String, java.lang.String, java.lang.String, java.lang.String, java.lang.String, java.lang.String, java.lang.String, java.lang.String, java.lang.String, java.lang.String, java.lang.String, java.lang.String)[pri:0, instance:DriverScripts_Scenarios.Upsell_Crossell_flow@5025a98f]" name="Do_Parameterization" duration-ms="202575" started-at="2018-10-10T13:20:06Z" data-provider="Data" finished-at="2018-10-10T13:23:29Z">
          <params>
            <param index="0">
              <value>
                <![CDATA[Yes]]>
              </value>
            </param>
            <param index="1">
              <value>
                <![CDATA[Yes]]>
              </value>
            </param>
            <param index="2">
              <value>
                <![CDATA[No]]>
              </value>
            </param>
            <param index="3">
              <value>
                <![CDATA[No]]>
              </value>
            </param>
            <param index="4">
              <value>
                <![CDATA[No]]>
              </value>
            </param>
            <param index="5">
              <value>
                <![CDATA[No]]>
              </value>
            </param>
            <param index="6">
              <value>
                <![CDATA[No]]>
              </value>
            </param>
            <param index="7">
              <value>
                <![CDATA[Yes]]>
              </value>
            </param>
            <param index="8">
              <value>
                <![CDATA[Yes]]>
              </value>
            </param>
            <param index="9">
              <value>
                <![CDATA[Retirement Daily]]>
              </value>
            </param>
            <param index="10">
              <value>
                <![CDATA[RD0012]]>
              </value>
            </param>
            <param index="11">
              <value>
                <![CDATA[https://stagesecure2.thestreet.com/cap/prm.do?OID=RD0012]]>
              </value>
            </param>
            <param index="12">
              <value>
                <![CDATA[email_email_]]>
              </value>
            </param>
            <param index="13">
              <value>
                <![CDATA[fname]]>
              </value>
            </param>
            <param index="14">
              <value>
                <![CDATA[lname]]>
              </value>
            </param>
            <param index="15">
              <value>
                <![CDATA[thestreet]]>
              </value>
            </param>
            <param index="16">
              <value>
                <![CDATA[thestreet]]>
              </value>
            </param>
            <param index="17">
              <value>
                <![CDATA[Annual]]>
              </value>
            </param>
            <param index="18">
              <value>
                <![CDATA[4111111111111111]]>
              </value>
            </param>
            <param index="19">
              <value>
                <![CDATA[123]]>
              </value>
            </param>
            <param index="20">
              <value>
                <![CDATA[07]]>
              </value>
            </param>
            <param index="21">
              <value>
                <![CDATA[2020]]>
              </value>
            </param>
            <param index="22">
              <value>
                <![CDATA[automation]]>
              </value>
            </param>
            <param index="23">
              <value>
                <![CDATA[14 wall street]]>
              </value>
            </param>
            <param index="24">
              <value>
                <![CDATA[New York]]>
              </value>
            </param>
            <param index="25">
              <value>
                <![CDATA[New York]]>
              </value>
            </param>
            <param index="26">
              <value>
                <![CDATA[New Jersey]]>
              </value>
            </param>
            <param index="27">
              <value>
                <![CDATA[United states]]>
              </value>
            </param>
            <param index="28">
              <value>
                <![CDATA[55555]]>
              </value>
            </param>
            <param index="29">
              <value>
                <![CDATA[9876543210]]>
              </value>
            </param>
            <param index="30">
              <value>
                <![CDATA[https://stageaap.thestreet.com/login/basic]]>
              </value>
            </param>
            <param index="31">
              <value>
                <![CDATA[Stage]]>
              </value>
            </param>
          </params>
          <reporter-output>
          </reporter-output>
        </test-method> <!-- Do_Parameterization -->
        <test-method status="PASS" signature="Do_Parameterization(java.lang.String, java.lang.String, java.lang.String, java.lang.String, java.lang.String, java.lang.String, java.lang.String, java.lang.String, java.lang.String, java.lang.String, java.lang.String, java.lang.String, java.lang.String, java.lang.String, java.lang.String, java.lang.String, java.lang.String, java.lang.String, java.lang.String, java.lang.String, java.lang.String, java.lang.String, java.lang.String, java.lang.String, java.lang.String, java.lang.String, java.lang.String, java.lang.String, java.lang.String, java.lang.String, java.lang.String, java.lang.String)[pri:0, instance:DriverScripts_Scenarios.Upsell_Crossell_flow@5025a98f]" name="Do_Parameterization" duration-ms="209050" started-at="2018-10-10T13:23:29Z" data-provider="Data" finished-at="2018-10-10T13:26:58Z">
          <params>
            <param index="0">
              <value>
                <![CDATA[Yes]]>
              </value>
            </param>
            <param index="1">
              <value>
                <![CDATA[Yes]]>
              </value>
            </param>
            <param index="2">
              <value>
                <![CDATA[No]]>
              </value>
            </param>
            <param index="3">
              <value>
                <![CDATA[No]]>
              </value>
            </param>
            <param index="4">
              <value>
                <![CDATA[No]]>
              </value>
            </param>
            <param index="5">
              <value>
                <![CDATA[No]]>
              </value>
            </param>
            <param index="6">
              <value>
                <![CDATA[No]]>
              </value>
            </param>
            <param index="7">
              <value>
                <![CDATA[No]]>
              </value>
            </param>
            <param index="8">
              <value>
                <![CDATA[Yes]]>
              </value>
            </param>
            <param index="9">
              <value>
                <![CDATA[Retirement Daily]]>
              </value>
            </param>
            <param index="10">
              <value>
                <![CDATA[RD0012]]>
              </value>
            </param>
            <param index="11">
              <value>
                <![CDATA[https://stagesecure2.thestreet.com/cap/prm.do?OID=RD0012]]>
              </value>
            </param>
            <param index="12">
              <value>
                <![CDATA[email_email_]]>
              </value>
            </param>
            <param index="13">
              <value>
                <![CDATA[fname]]>
              </value>
            </param>
            <param index="14">
              <value>
                <![CDATA[lname]]>
              </value>
            </param>
            <param index="15">
              <value>
                <![CDATA[thestreet]]>
              </value>
            </param>
            <param index="16">
              <value>
                <![CDATA[thestreet]]>
              </value>
            </param>
            <param index="17">
              <value>
                <![CDATA[Annual]]>
              </value>
            </param>
            <param index="18">
              <value>
                <![CDATA[4111111111111111]]>
              </value>
            </param>
            <param index="19">
              <value>
                <![CDATA[123]]>
              </value>
            </param>
            <param index="20">
              <value>
                <![CDATA[07]]>
              </value>
            </param>
            <param index="21">
              <value>
                <![CDATA[2020]]>
              </value>
            </param>
            <param index="22">
              <value>
                <![CDATA[automation]]>
              </value>
            </param>
            <param index="23">
              <value>
                <![CDATA[14 wall street]]>
              </value>
            </param>
            <param index="24">
              <value>
                <![CDATA[New York]]>
              </value>
            </param>
            <param index="25">
              <value>
                <![CDATA[New York]]>
              </value>
            </param>
            <param index="26">
              <value>
                <![CDATA[New Jersey]]>
              </value>
            </param>
            <param index="27">
              <value>
                <![CDATA[United states]]>
              </value>
            </param>
            <param index="28">
              <value>
                <![CDATA[55555]]>
              </value>
            </param>
            <param index="29">
              <value>
                <![CDATA[9876543210]]>
              </value>
            </param>
            <param index="30">
              <value>
                <![CDATA[https://stageaap.thestreet.com/login/basic]]>
              </value>
            </param>
            <param index="31">
              <value>
                <![CDATA[Stage]]>
              </value>
            </param>
          </params>
          <reporter-output>
          </reporter-output>
        </test-method> <!-- Do_Parameterization -->
        <test-method status="PASS" signature="aftersuite()[pri:0, instance:DriverScripts_Scenarios.Upsell_Crossell_flow@5025a98f]" name="aftersuite" is-config="true" duration-ms="17441" started-at="2018-10-10T13:26:58Z" finished-at="2018-10-10T13:27:16Z">
          <reporter-output>
          </reporter-output>
        </test-method> <!-- aftersuite -->
      </class> <!-- DriverScripts_Scenarios.Upsell_Crossell_flow -->
    </test> <!-- Default test -->
  </suite> <!-- Default suite -->
</testng-results>
