<?xml version="1.0" encoding="UTF-8"?>
<testng-results skipped="0" failed="0" ignored="0" total="1" passed="1">
  <reporter-output>
  </reporter-output>
  <suite name="Default suite" duration-ms="33654" started-at="2019-01-21T08:54:39Z" finished-at="2019-01-21T08:55:13Z">
    <groups>
    </groups>
    <test name="Default test" duration-ms="33654" started-at="2019-01-21T08:54:39Z" finished-at="2019-01-21T08:55:13Z">
      <class name="com.test.retirementTC">
        <test-method status="PASS" signature="beforeMethod()[pri:0, instance:com.test.retirementTC@5442a311]" name="beforeMethod" is-config="true" duration-ms="10554" started-at="2019-01-21T08:54:39Z" finished-at="2019-01-21T08:54:50Z">
          <reporter-output>
          </reporter-output>
        </test-method> <!-- beforeMethod -->
        <test-method status="PASS" signature="retsite()[pri:0, instance:com.test.retirementTC@5442a311]" name="retsite" duration-ms="20937" started-at="2019-01-21T08:54:50Z" finished-at="2019-01-21T08:55:11Z">
          <reporter-output>
          </reporter-output>
        </test-method> <!-- retsite -->
        <test-method status="PASS" signature="after()[pri:0, instance:com.test.retirementTC@5442a311]" name="after" is-config="true" duration-ms="2088" started-at="2019-01-21T08:55:11Z" finished-at="2019-01-21T08:55:13Z">
          <reporter-output>
          </reporter-output>
        </test-method> <!-- after -->
      </class> <!-- com.test.retirementTC -->
    </test> <!-- Default test -->
  </suite> <!-- Default suite -->
</testng-results>
