<?xml version="1.0" encoding="UTF-8"?>
<!-- Generated by org.testng.reporters.JUnitReportReporter -->
<testsuite skipped="0" hostname="TDIN507" name="DriverScripts_Scenarios.EventSubscription_proudction_csr_Validation" tests="1747" failures="0" timestamp="19 Sep 2018 01:18:34 GMT" time="47642.770" errors="0">
  <testcase name="Do_Parameterization" time="0.000" classname="DriverScripts_Scenarios.EventSubscription_proudction_csr_Validation"/>
  <testcase name="Do_Parameterization" time="0.000" classname="DriverScripts_Scenarios.EventSubscription_proudction_csr_Validation"/>
  <testcase name="Do_Parameterization" time="0.000" classname="DriverScripts_Scenarios.EventSubscription_proudction_csr_Validation"/>
  <testcase name="Do_Parameterization" time="0.000" classname="DriverScripts_Scenarios.EventSubscription_proudction_csr_Validation"/>
  <testcase name="Do_Parameterization" time="0.000" classname="DriverScripts_Scenarios.EventSubscription_proudction_csr_Validation"/>
  <testcase name="Do_Parameterization" time="0.000" classname="DriverScripts_Scenarios.EventSubscription_proudction_csr_Validation"/>
  <testcase name="Do_Parameterization" time="0.000" classname="DriverScripts_Scenarios.EventSubscription_proudction_csr_Validation"/>
  <testcase name="Do_Parameterization" time="74.878" classname="DriverScripts_Scenarios.EventSubscription_proudction_csr_Validation"/>
  <testcase name="Do_Parameterization" time="0.000" classname="DriverScripts_Scenarios.EventSubscription_proudction_csr_Validation"/>
  <testcase name="Do_Parameterization" time="0.000" classname="DriverScripts_Scenarios.EventSubscription_proudction_csr_Validation"/>
  <testcase name="Do_Parameterization" time="0.000" classname="DriverScripts_Scenarios.EventSubscription_proudction_csr_Validation"/>
  <testcase name="Do_Parameterization" time="0.000" classname="DriverScripts_Scenarios.EventSubscription_proudction_csr_Validation"/>
  <testcase name="Do_Parameterization" time="0.000" classname="DriverScripts_Scenarios.EventSubscription_proudction_csr_Validation"/>
  <testcase name="Do_Parameterization" time="74.231" classname="DriverScripts_Scenarios.EventSubscription_proudction_csr_Validation"/>
  <testcase name="Do_Parameterization" time="0.000" classname="DriverScripts_Scenarios.EventSubscription_proudction_csr_Validation"/>
  <testcase name="Do_Parameterization" time="0.000" classname="DriverScripts_Scenarios.EventSubscription_proudction_csr_Validation"/>
  <testcase name="Do_Parameterization" time="74.461" classname="DriverScripts_Scenarios.EventSubscription_proudction_csr_Validation"/>
  <testcase name="Do_Parameterization" time="0.000" classname="DriverScripts_Scenarios.EventSubscription_proudction_csr_Validation"/>
  <testcase name="Do_Parameterization" time="75.612" classname="DriverScripts_Scenarios.EventSubscription_proudction_csr_Validation"/>
  <testcase name="Do_Parameterization" time="0.000" classname="DriverScripts_Scenarios.EventSubscription_proudction_csr_Validation"/>
  <testcase name="Do_Parameterization" time="0.000" classname="DriverScripts_Scenarios.EventSubscription_proudction_csr_Validation"/>
  <testcase name="Do_Parameterization" time="74.847" classname="DriverScripts_Scenarios.EventSubscription_proudction_csr_Validation"/>
  <testcase name="Do_Parameterization" time="0.000" classname="DriverScripts_Scenarios.EventSubscription_proudction_csr_Validation"/>
  <testcase name="Do_Parameterization" time="75.147" classname="DriverScripts_Scenarios.EventSubscription_proudction_csr_Validation"/>
  <testcase name="Do_Parameterization" time="76.692" classname="DriverScripts_Scenarios.EventSubscription_proudction_csr_Validation"/>
  <testcase name="Do_Parameterization" time="0.000" classname="DriverScripts_Scenarios.EventSubscription_proudction_csr_Validation"/>
  <testcase name="Do_Parameterization" time="71.038" classname="DriverScripts_Scenarios.EventSubscription_proudction_csr_Validation"/>
  <testcase name="Do_Parameterization" time="0.000" classname="DriverScripts_Scenarios.EventSubscription_proudction_csr_Validation"/>
  <testcase name="Do_Parameterization" time="0.000" classname="DriverScripts_Scenarios.EventSubscription_proudction_csr_Validation"/>
  <testcase name="Do_Parameterization" time="74.070" classname="DriverScripts_Scenarios.EventSubscription_proudction_csr_Validation"/>
  <testcase name="Do_Parameterization" time="0.000" classname="DriverScripts_Scenarios.EventSubscription_proudction_csr_Validation"/>
  <testcase name="Do_Parameterization" time="0.000" classname="DriverScripts_Scenarios.EventSubscription_proudction_csr_Validation"/>
  <testcase name="Do_Parameterization" time="74.719" classname="DriverScripts_Scenarios.EventSubscription_proudction_csr_Validation"/>
  <testcase name="Do_Parameterization" time="71.640" classname="DriverScripts_Scenarios.EventSubscription_proudction_csr_Validation"/>
  <testcase name="Do_Parameterization" time="0.000" classname="DriverScripts_Scenarios.EventSubscription_proudction_csr_Validation"/>
  <testcase name="Do_Parameterization" time="0.000" classname="DriverScripts_Scenarios.EventSubscription_proudction_csr_Validation"/>
  <testcase name="Do_Parameterization" time="75.649" classname="DriverScripts_Scenarios.EventSubscription_proudction_csr_Validation"/>
  <testcase name="Do_Parameterization" time="0.000" classname="DriverScripts_Scenarios.EventSubscription_proudction_csr_Validation"/>
  <testcase name="Do_Parameterization" time="72.959" classname="DriverScripts_Scenarios.EventSubscription_proudction_csr_Validation"/>
  <testcase name="Do_Parameterization" time="74.715" classname="DriverScripts_Scenarios.EventSubscription_proudction_csr_Validation"/>
  <testcase name="Do_Parameterization" time="74.940" classname="DriverScripts_Scenarios.EventSubscription_proudction_csr_Validation"/>
  <testcase name="Do_Parameterization" time="0.000" classname="DriverScripts_Scenarios.EventSubscription_proudction_csr_Validation"/>
  <testcase name="Do_Parameterization" time="75.292" classname="DriverScripts_Scenarios.EventSubscription_proudction_csr_Validation"/>
  <testcase name="Do_Parameterization" time="75.935" classname="DriverScripts_Scenarios.EventSubscription_proudction_csr_Validation"/>
  <testcase name="Do_Parameterization" time="74.243" classname="DriverScripts_Scenarios.EventSubscription_proudction_csr_Validation"/>
  <testcase name="Do_Parameterization" time="0.000" classname="DriverScripts_Scenarios.EventSubscription_proudction_csr_Validation"/>
  <testcase name="Do_Parameterization" time="0.000" classname="DriverScripts_Scenarios.EventSubscription_proudction_csr_Validation"/>
  <testcase name="Do_Parameterization" time="91.976" classname="DriverScripts_Scenarios.EventSubscription_proudction_csr_Validation"/>
  <testcase name="Do_Parameterization" time="0.001" classname="DriverScripts_Scenarios.EventSubscription_proudction_csr_Validation"/>
  <testcase name="Do_Parameterization" time="71.520" classname="DriverScripts_Scenarios.EventSubscription_proudction_csr_Validation"/>
  <testcase name="Do_Parameterization" time="76.640" classname="DriverScripts_Scenarios.EventSubscription_proudction_csr_Validation"/>
  <testcase name="Do_Parameterization" time="0.000" classname="DriverScripts_Scenarios.EventSubscription_proudction_csr_Validation"/>
  <testcase name="Do_Parameterization" time="75.135" classname="DriverScripts_Scenarios.EventSubscription_proudction_csr_Validation"/>
  <testcase name="Do_Parameterization" time="0.000" classname="DriverScripts_Scenarios.EventSubscription_proudction_csr_Validation"/>
  <testcase name="Do_Parameterization" time="0.000" classname="DriverScripts_Scenarios.EventSubscription_proudction_csr_Validation"/>
  <testcase name="Do_Parameterization" time="0.000" classname="DriverScripts_Scenarios.EventSubscription_proudction_csr_Validation"/>
  <testcase name="Do_Parameterization" time="77.395" classname="DriverScripts_Scenarios.EventSubscription_proudction_csr_Validation"/>
  <testcase name="Do_Parameterization" time="0.000" classname="DriverScripts_Scenarios.EventSubscription_proudction_csr_Validation"/>
  <testcase name="Do_Parameterization" time="72.495" classname="DriverScripts_Scenarios.EventSubscription_proudction_csr_Validation"/>
  <testcase name="Do_Parameterization" time="0.000" classname="DriverScripts_Scenarios.EventSubscription_proudction_csr_Validation"/>
  <testcase name="Do_Parameterization" time="74.896" classname="DriverScripts_Scenarios.EventSubscription_proudction_csr_Validation"/>
  <testcase name="Do_Parameterization" time="0.000" classname="DriverScripts_Scenarios.EventSubscription_proudction_csr_Validation"/>
  <testcase name="Do_Parameterization" time="0.000" classname="DriverScripts_Scenarios.EventSubscription_proudction_csr_Validation"/>
  <testcase name="Do_Parameterization" time="74.694" classname="DriverScripts_Scenarios.EventSubscription_proudction_csr_Validation"/>
  <testcase name="Do_Parameterization" time="0.000" classname="DriverScripts_Scenarios.EventSubscription_proudction_csr_Validation"/>
  <testcase name="Do_Parameterization" time="0.001" classname="DriverScripts_Scenarios.EventSubscription_proudction_csr_Validation"/>
  <testcase name="Do_Parameterization" time="0.040" classname="DriverScripts_Scenarios.EventSubscription_proudction_csr_Validation"/>
  <testcase name="Do_Parameterization" time="0.000" classname="DriverScripts_Scenarios.EventSubscription_proudction_csr_Validation"/>
  <testcase name="Do_Parameterization" time="0.000" classname="DriverScripts_Scenarios.EventSubscription_proudction_csr_Validation"/>
  <testcase name="Do_Parameterization" time="0.015" classname="DriverScripts_Scenarios.EventSubscription_proudction_csr_Validation"/>
  <testcase name="Do_Parameterization" time="75.910" classname="DriverScripts_Scenarios.EventSubscription_proudction_csr_Validation"/>
  <testcase name="Do_Parameterization" time="0.000" classname="DriverScripts_Scenarios.EventSubscription_proudction_csr_Validation"/>
  <testcase name="Do_Parameterization" time="0.000" classname="DriverScripts_Scenarios.EventSubscription_proudction_csr_Validation"/>
  <testcase name="Do_Parameterization" time="0.000" classname="DriverScripts_Scenarios.EventSubscription_proudction_csr_Validation"/>
  <testcase name="Do_Parameterization" time="0.000" classname="DriverScripts_Scenarios.EventSubscription_proudction_csr_Validation"/>
  <testcase name="Do_Parameterization" time="75.458" classname="DriverScripts_Scenarios.EventSubscription_proudction_csr_Validation"/>
  <testcase name="Do_Parameterization" time="0.000" classname="DriverScripts_Scenarios.EventSubscription_proudction_csr_Validation"/>
  <testcase name="Do_Parameterization" time="0.000" classname="DriverScripts_Scenarios.EventSubscription_proudction_csr_Validation"/>
  <testcase name="Do_Parameterization" time="76.724" classname="DriverScripts_Scenarios.EventSubscription_proudction_csr_Validation"/>
  <testcase name="Do_Parameterization" time="0.000" classname="DriverScripts_Scenarios.EventSubscription_proudction_csr_Validation"/>
  <testcase name="Do_Parameterization" time="0.000" classname="DriverScripts_Scenarios.EventSubscription_proudction_csr_Validation"/>
  <testcase name="Do_Parameterization" time="0.016" classname="DriverScripts_Scenarios.EventSubscription_proudction_csr_Validation"/>
  <testcase name="Do_Parameterization" time="0.000" classname="DriverScripts_Scenarios.EventSubscription_proudction_csr_Validation"/>
  <testcase name="Do_Parameterization" time="0.000" classname="DriverScripts_Scenarios.EventSubscription_proudction_csr_Validation"/>
  <testcase name="Do_Parameterization" time="0.000" classname="DriverScripts_Scenarios.EventSubscription_proudction_csr_Validation"/>
  <testcase name="Do_Parameterization" time="0.000" classname="DriverScripts_Scenarios.EventSubscription_proudction_csr_Validation"/>
  <testcase name="Do_Parameterization" time="72.874" classname="DriverScripts_Scenarios.EventSubscription_proudction_csr_Validation"/>
  <testcase name="Do_Parameterization" time="75.507" classname="DriverScripts_Scenarios.EventSubscription_proudction_csr_Validation"/>
  <testcase name="Do_Parameterization" time="77.962" classname="DriverScripts_Scenarios.EventSubscription_proudction_csr_Validation"/>
  <testcase name="Do_Parameterization" time="0.000" classname="DriverScripts_Scenarios.EventSubscription_proudction_csr_Validation"/>
  <testcase name="Do_Parameterization" time="74.564" classname="DriverScripts_Scenarios.EventSubscription_proudction_csr_Validation"/>
  <testcase name="Do_Parameterization" time="0.000" classname="DriverScripts_Scenarios.EventSubscription_proudction_csr_Validation"/>
  <testcase name="Do_Parameterization" time="71.208" classname="DriverScripts_Scenarios.EventSubscription_proudction_csr_Validation"/>
  <testcase name="Do_Parameterization" time="74.246" classname="DriverScripts_Scenarios.EventSubscription_proudction_csr_Validation"/>
  <testcase name="Do_Parameterization" time="0.000" classname="DriverScripts_Scenarios.EventSubscription_proudction_csr_Validation"/>
  <testcase name="Do_Parameterization" time="70.734" classname="DriverScripts_Scenarios.EventSubscription_proudction_csr_Validation"/>
  <testcase name="aftersuite" time="17.460" classname="DriverScripts_Scenarios.EventSubscription_proudction_csr_Validation"/>
  <testcase name="Do_Parameterization" time="74.841" classname="DriverScripts_Scenarios.EventSubscription_proudction_csr_Validation"/>
  <testcase name="Do_Parameterization" time="0.000" classname="DriverScripts_Scenarios.EventSubscription_proudction_csr_Validation"/>
  <testcase name="Do_Parameterization" time="75.335" classname="DriverScripts_Scenarios.EventSubscription_proudction_csr_Validation"/>
  <testcase name="Do_Parameterization" time="0.000" classname="DriverScripts_Scenarios.EventSubscription_proudction_csr_Validation"/>
  <testcase name="Do_Parameterization" time="0.000" classname="DriverScripts_Scenarios.EventSubscription_proudction_csr_Validation"/>
  <testcase name="Do_Parameterization" time="0.000" classname="DriverScripts_Scenarios.EventSubscription_proudction_csr_Validation"/>
  <testcase name="Do_Parameterization" time="0.000" classname="DriverScripts_Scenarios.EventSubscription_proudction_csr_Validation"/>
  <testcase name="Do_Parameterization" time="76.548" classname="DriverScripts_Scenarios.EventSubscription_proudction_csr_Validation"/>
  <testcase name="Do_Parameterization" time="0.000" classname="DriverScripts_Scenarios.EventSubscription_proudction_csr_Validation"/>
  <testcase name="Do_Parameterization" time="75.786" classname="DriverScripts_Scenarios.EventSubscription_proudction_csr_Validation"/>
  <testcase name="Do_Parameterization" time="76.096" classname="DriverScripts_Scenarios.EventSubscription_proudction_csr_Validation"/>
  <testcase name="Do_Parameterization" time="0.000" classname="DriverScripts_Scenarios.EventSubscription_proudction_csr_Validation"/>
  <testcase name="Do_Parameterization" time="0.000" classname="DriverScripts_Scenarios.EventSubscription_proudction_csr_Validation"/>
  <testcase name="Do_Parameterization" time="0.000" classname="DriverScripts_Scenarios.EventSubscription_proudction_csr_Validation"/>
  <testcase name="Do_Parameterization" time="0.000" classname="DriverScripts_Scenarios.EventSubscription_proudction_csr_Validation"/>
  <testcase name="Do_Parameterization" time="72.875" classname="DriverScripts_Scenarios.EventSubscription_proudction_csr_Validation"/>
  <testcase name="Do_Parameterization" time="76.121" classname="DriverScripts_Scenarios.EventSubscription_proudction_csr_Validation"/>
  <testcase name="Do_Parameterization" time="0.000" classname="DriverScripts_Scenarios.EventSubscription_proudction_csr_Validation"/>
  <testcase name="Do_Parameterization" time="0.000" classname="DriverScripts_Scenarios.EventSubscription_proudction_csr_Validation"/>
  <testcase name="Do_Parameterization" time="70.999" classname="DriverScripts_Scenarios.EventSubscription_proudction_csr_Validation"/>
  <testcase name="Do_Parameterization" time="0.000" classname="DriverScripts_Scenarios.EventSubscription_proudction_csr_Validation"/>
  <testcase name="Do_Parameterization" time="0.000" classname="DriverScripts_Scenarios.EventSubscription_proudction_csr_Validation"/>
  <testcase name="Do_Parameterization" time="0.000" classname="DriverScripts_Scenarios.EventSubscription_proudction_csr_Validation"/>
  <testcase name="Do_Parameterization" time="74.207" classname="DriverScripts_Scenarios.EventSubscription_proudction_csr_Validation"/>
  <testcase name="Do_Parameterization" time="0.000" classname="DriverScripts_Scenarios.EventSubscription_proudction_csr_Validation"/>
  <testcase name="Do_Parameterization" time="0.000" classname="DriverScripts_Scenarios.EventSubscription_proudction_csr_Validation"/>
  <testcase name="Do_Parameterization" time="0.000" classname="DriverScripts_Scenarios.EventSubscription_proudction_csr_Validation"/>
  <testcase name="Do_Parameterization" time="0.000" classname="DriverScripts_Scenarios.EventSubscription_proudction_csr_Validation"/>
  <testcase name="Do_Parameterization" time="74.294" classname="DriverScripts_Scenarios.EventSubscription_proudction_csr_Validation"/>
  <testcase name="Do_Parameterization" time="74.672" classname="DriverScripts_Scenarios.EventSubscription_proudction_csr_Validation"/>
  <testcase name="Do_Parameterization" time="0.000" classname="DriverScripts_Scenarios.EventSubscription_proudction_csr_Validation"/>
  <testcase name="Do_Parameterization" time="74.893" classname="DriverScripts_Scenarios.EventSubscription_proudction_csr_Validation"/>
  <testcase name="Do_Parameterization" time="0.000" classname="DriverScripts_Scenarios.EventSubscription_proudction_csr_Validation"/>
  <testcase name="Do_Parameterization" time="71.370" classname="DriverScripts_Scenarios.EventSubscription_proudction_csr_Validation"/>
  <testcase name="Do_Parameterization" time="74.223" classname="DriverScripts_Scenarios.EventSubscription_proudction_csr_Validation"/>
  <testcase name="Do_Parameterization" time="0.000" classname="DriverScripts_Scenarios.EventSubscription_proudction_csr_Validation"/>
  <testcase name="Do_Parameterization" time="0.000" classname="DriverScripts_Scenarios.EventSubscription_proudction_csr_Validation"/>
  <testcase name="Do_Parameterization" time="0.000" classname="DriverScripts_Scenarios.EventSubscription_proudction_csr_Validation"/>
  <testcase name="Do_Parameterization" time="0.000" classname="DriverScripts_Scenarios.EventSubscription_proudction_csr_Validation"/>
  <testcase name="Do_Parameterization" time="69.664" classname="DriverScripts_Scenarios.EventSubscription_proudction_csr_Validation"/>
  <testcase name="Do_Parameterization" time="73.260" classname="DriverScripts_Scenarios.EventSubscription_proudction_csr_Validation"/>
  <testcase name="Do_Parameterization" time="76.745" classname="DriverScripts_Scenarios.EventSubscription_proudction_csr_Validation"/>
  <testcase name="Do_Parameterization" time="73.982" classname="DriverScripts_Scenarios.EventSubscription_proudction_csr_Validation"/>
  <testcase name="Do_Parameterization" time="0.000" classname="DriverScripts_Scenarios.EventSubscription_proudction_csr_Validation"/>
  <testcase name="Do_Parameterization" time="0.000" classname="DriverScripts_Scenarios.EventSubscription_proudction_csr_Validation"/>
  <testcase name="Do_Parameterization" time="75.601" classname="DriverScripts_Scenarios.EventSubscription_proudction_csr_Validation"/>
  <testcase name="Do_Parameterization" time="74.828" classname="DriverScripts_Scenarios.EventSubscription_proudction_csr_Validation"/>
  <testcase name="Do_Parameterization" time="0.000" classname="DriverScripts_Scenarios.EventSubscription_proudction_csr_Validation"/>
  <testcase name="Do_Parameterization" time="0.000" classname="DriverScripts_Scenarios.EventSubscription_proudction_csr_Validation"/>
  <testcase name="Do_Parameterization" time="73.819" classname="DriverScripts_Scenarios.EventSubscription_proudction_csr_Validation"/>
  <testcase name="Do_Parameterization" time="0.000" classname="DriverScripts_Scenarios.EventSubscription_proudction_csr_Validation"/>
  <testcase name="Do_Parameterization" time="0.000" classname="DriverScripts_Scenarios.EventSubscription_proudction_csr_Validation"/>
  <testcase name="Do_Parameterization" time="73.168" classname="DriverScripts_Scenarios.EventSubscription_proudction_csr_Validation"/>
  <testcase name="Do_Parameterization" time="77.674" classname="DriverScripts_Scenarios.EventSubscription_proudction_csr_Validation"/>
  <testcase name="Do_Parameterization" time="0.000" classname="DriverScripts_Scenarios.EventSubscription_proudction_csr_Validation"/>
  <testcase name="Do_Parameterization" time="0.000" classname="DriverScripts_Scenarios.EventSubscription_proudction_csr_Validation"/>
  <testcase name="Do_Parameterization" time="0.000" classname="DriverScripts_Scenarios.EventSubscription_proudction_csr_Validation"/>
  <testcase name="Do_Parameterization" time="0.000" classname="DriverScripts_Scenarios.EventSubscription_proudction_csr_Validation"/>
  <testcase name="Do_Parameterization" time="0.000" classname="DriverScripts_Scenarios.EventSubscription_proudction_csr_Validation"/>
  <testcase name="Do_Parameterization" time="74.897" classname="DriverScripts_Scenarios.EventSubscription_proudction_csr_Validation"/>
  <testcase name="Do_Parameterization" time="75.251" classname="DriverScripts_Scenarios.EventSubscription_proudction_csr_Validation"/>
  <testcase name="Do_Parameterization" time="0.000" classname="DriverScripts_Scenarios.EventSubscription_proudction_csr_Validation"/>
  <testcase name="Do_Parameterization" time="73.489" classname="DriverScripts_Scenarios.EventSubscription_proudction_csr_Validation"/>
  <testcase name="Do_Parameterization" time="69.860" classname="DriverScripts_Scenarios.EventSubscription_proudction_csr_Validation"/>
  <testcase name="Do_Parameterization" time="0.000" classname="DriverScripts_Scenarios.EventSubscription_proudction_csr_Validation"/>
  <testcase name="Do_Parameterization" time="0.000" classname="DriverScripts_Scenarios.EventSubscription_proudction_csr_Validation"/>
  <testcase name="Do_Parameterization" time="75.724" classname="DriverScripts_Scenarios.EventSubscription_proudction_csr_Validation"/>
  <testcase name="Do_Parameterization" time="69.845" classname="DriverScripts_Scenarios.EventSubscription_proudction_csr_Validation"/>
  <testcase name="Do_Parameterization" time="0.000" classname="DriverScripts_Scenarios.EventSubscription_proudction_csr_Validation"/>
  <testcase name="Do_Parameterization" time="0.000" classname="DriverScripts_Scenarios.EventSubscription_proudction_csr_Validation"/>
  <testcase name="Do_Parameterization" time="0.000" classname="DriverScripts_Scenarios.EventSubscription_proudction_csr_Validation"/>
  <testcase name="Do_Parameterization" time="0.000" classname="DriverScripts_Scenarios.EventSubscription_proudction_csr_Validation"/>
  <testcase name="Do_Parameterization" time="0.000" classname="DriverScripts_Scenarios.EventSubscription_proudction_csr_Validation"/>
  <testcase name="Do_Parameterization" time="0.000" classname="DriverScripts_Scenarios.EventSubscription_proudction_csr_Validation"/>
  <testcase name="Do_Parameterization" time="0.000" classname="DriverScripts_Scenarios.EventSubscription_proudction_csr_Validation"/>
  <testcase name="Do_Parameterization" time="0.000" classname="DriverScripts_Scenarios.EventSubscription_proudction_csr_Validation"/>
  <testcase name="Do_Parameterization" time="0.000" classname="DriverScripts_Scenarios.EventSubscription_proudction_csr_Validation"/>
  <testcase name="Do_Parameterization" time="71.728" classname="DriverScripts_Scenarios.EventSubscription_proudction_csr_Validation"/>
  <testcase name="Do_Parameterization" time="0.000" classname="DriverScripts_Scenarios.EventSubscription_proudction_csr_Validation"/>
  <testcase name="Do_Parameterization" time="73.509" classname="DriverScripts_Scenarios.EventSubscription_proudction_csr_Validation"/>
  <testcase name="Do_Parameterization" time="0.015" classname="DriverScripts_Scenarios.EventSubscription_proudction_csr_Validation"/>
  <testcase name="Do_Parameterization" time="0.000" classname="DriverScripts_Scenarios.EventSubscription_proudction_csr_Validation"/>
  <testcase name="Do_Parameterization" time="71.031" classname="DriverScripts_Scenarios.EventSubscription_proudction_csr_Validation"/>
  <testcase name="Do_Parameterization" time="76.966" classname="DriverScripts_Scenarios.EventSubscription_proudction_csr_Validation"/>
  <testcase name="Do_Parameterization" time="0.000" classname="DriverScripts_Scenarios.EventSubscription_proudction_csr_Validation"/>
  <testcase name="Do_Parameterization" time="0.000" classname="DriverScripts_Scenarios.EventSubscription_proudction_csr_Validation"/>
  <testcase name="Do_Parameterization" time="0.000" classname="DriverScripts_Scenarios.EventSubscription_proudction_csr_Validation"/>
  <testcase name="Do_Parameterization" time="76.835" classname="DriverScripts_Scenarios.EventSubscription_proudction_csr_Validation"/>
  <testcase name="Do_Parameterization" time="0.000" classname="DriverScripts_Scenarios.EventSubscription_proudction_csr_Validation"/>
  <testcase name="Do_Parameterization" time="74.540" classname="DriverScripts_Scenarios.EventSubscription_proudction_csr_Validation"/>
  <testcase name="Do_Parameterization" time="95.762" classname="DriverScripts_Scenarios.EventSubscription_proudction_csr_Validation"/>
  <testcase name="Do_Parameterization" time="71.845" classname="DriverScripts_Scenarios.EventSubscription_proudction_csr_Validation"/>
  <testcase name="Do_Parameterization" time="0.000" classname="DriverScripts_Scenarios.EventSubscription_proudction_csr_Validation"/>
  <testcase name="Do_Parameterization" time="0.000" classname="DriverScripts_Scenarios.EventSubscription_proudction_csr_Validation"/>
  <testcase name="Do_Parameterization" time="0.000" classname="DriverScripts_Scenarios.EventSubscription_proudction_csr_Validation"/>
  <testcase name="Do_Parameterization" time="0.000" classname="DriverScripts_Scenarios.EventSubscription_proudction_csr_Validation"/>
  <testcase name="Do_Parameterization" time="0.000" classname="DriverScripts_Scenarios.EventSubscription_proudction_csr_Validation"/>
  <testcase name="Do_Parameterization" time="74.879" classname="DriverScripts_Scenarios.EventSubscription_proudction_csr_Validation"/>
  <testcase name="Do_Parameterization" time="0.000" classname="DriverScripts_Scenarios.EventSubscription_proudction_csr_Validation"/>
  <testcase name="Do_Parameterization" time="0.000" classname="DriverScripts_Scenarios.EventSubscription_proudction_csr_Validation"/>
  <testcase name="Do_Parameterization" time="0.000" classname="DriverScripts_Scenarios.EventSubscription_proudction_csr_Validation"/>
  <testcase name="Do_Parameterization" time="0.000" classname="DriverScripts_Scenarios.EventSubscription_proudction_csr_Validation"/>
  <testcase name="Do_Parameterization" time="0.000" classname="DriverScripts_Scenarios.EventSubscription_proudction_csr_Validation"/>
  <testcase name="Do_Parameterization" time="0.000" classname="DriverScripts_Scenarios.EventSubscription_proudction_csr_Validation"/>
  <testcase name="Do_Parameterization" time="0.015" classname="DriverScripts_Scenarios.EventSubscription_proudction_csr_Validation"/>
  <testcase name="Do_Parameterization" time="0.000" classname="DriverScripts_Scenarios.EventSubscription_proudction_csr_Validation"/>
  <testcase name="Do_Parameterization" time="82.719" classname="DriverScripts_Scenarios.EventSubscription_proudction_csr_Validation"/>
  <testcase name="Do_Parameterization" time="75.920" classname="DriverScripts_Scenarios.EventSubscription_proudction_csr_Validation"/>
  <testcase name="Do_Parameterization" time="0.000" classname="DriverScripts_Scenarios.EventSubscription_proudction_csr_Validation"/>
  <testcase name="Do_Parameterization" time="0.000" classname="DriverScripts_Scenarios.EventSubscription_proudction_csr_Validation"/>
  <testcase name="Do_Parameterization" time="0.000" classname="DriverScripts_Scenarios.EventSubscription_proudction_csr_Validation"/>
  <testcase name="Do_Parameterization" time="75.363" classname="DriverScripts_Scenarios.EventSubscription_proudction_csr_Validation"/>
  <testcase name="Do_Parameterization" time="0.000" classname="DriverScripts_Scenarios.EventSubscription_proudction_csr_Validation"/>
  <testcase name="Do_Parameterization" time="0.001" classname="DriverScripts_Scenarios.EventSubscription_proudction_csr_Validation"/>
  <testcase name="Do_Parameterization" time="0.000" classname="DriverScripts_Scenarios.EventSubscription_proudction_csr_Validation"/>
  <testcase name="Do_Parameterization" time="0.000" classname="DriverScripts_Scenarios.EventSubscription_proudction_csr_Validation"/>
  <testcase name="Do_Parameterization" time="71.024" classname="DriverScripts_Scenarios.EventSubscription_proudction_csr_Validation"/>
  <testcase name="Do_Parameterization" time="0.000" classname="DriverScripts_Scenarios.EventSubscription_proudction_csr_Validation"/>
  <testcase name="Do_Parameterization" time="0.000" classname="DriverScripts_Scenarios.EventSubscription_proudction_csr_Validation"/>
  <testcase name="Do_Parameterization" time="73.171" classname="DriverScripts_Scenarios.EventSubscription_proudction_csr_Validation"/>
  <testcase name="Do_Parameterization" time="0.000" classname="DriverScripts_Scenarios.EventSubscription_proudction_csr_Validation"/>
  <testcase name="Do_Parameterization" time="76.546" classname="DriverScripts_Scenarios.EventSubscription_proudction_csr_Validation"/>
  <testcase name="Do_Parameterization" time="0.000" classname="DriverScripts_Scenarios.EventSubscription_proudction_csr_Validation"/>
  <testcase name="Do_Parameterization" time="0.000" classname="DriverScripts_Scenarios.EventSubscription_proudction_csr_Validation"/>
  <testcase name="Do_Parameterization" time="0.000" classname="DriverScripts_Scenarios.EventSubscription_proudction_csr_Validation"/>
  <testcase name="Do_Parameterization" time="74.219" classname="DriverScripts_Scenarios.EventSubscription_proudction_csr_Validation"/>
  <testcase name="Do_Parameterization" time="73.681" classname="DriverScripts_Scenarios.EventSubscription_proudction_csr_Validation"/>
  <testcase name="Do_Parameterization" time="75.475" classname="DriverScripts_Scenarios.EventSubscription_proudction_csr_Validation"/>
  <testcase name="Do_Parameterization" time="73.551" classname="DriverScripts_Scenarios.EventSubscription_proudction_csr_Validation"/>
  <testcase name="Do_Parameterization" time="0.000" classname="DriverScripts_Scenarios.EventSubscription_proudction_csr_Validation"/>
  <testcase name="Do_Parameterization" time="73.001" classname="DriverScripts_Scenarios.EventSubscription_proudction_csr_Validation"/>
  <testcase name="Do_Parameterization" time="74.665" classname="DriverScripts_Scenarios.EventSubscription_proudction_csr_Validation"/>
  <testcase name="Do_Parameterization" time="0.000" classname="DriverScripts_Scenarios.EventSubscription_proudction_csr_Validation"/>
  <testcase name="Do_Parameterization" time="0.000" classname="DriverScripts_Scenarios.EventSubscription_proudction_csr_Validation"/>
  <testcase name="Do_Parameterization" time="0.000" classname="DriverScripts_Scenarios.EventSubscription_proudction_csr_Validation"/>
  <testcase name="Do_Parameterization" time="76.197" classname="DriverScripts_Scenarios.EventSubscription_proudction_csr_Validation"/>
  <testcase name="Do_Parameterization" time="0.000" classname="DriverScripts_Scenarios.EventSubscription_proudction_csr_Validation"/>
  <testcase name="Do_Parameterization" time="78.675" classname="DriverScripts_Scenarios.EventSubscription_proudction_csr_Validation"/>
  <testcase name="Do_Parameterization" time="0.000" classname="DriverScripts_Scenarios.EventSubscription_proudction_csr_Validation"/>
  <testcase name="Do_Parameterization" time="0.000" classname="DriverScripts_Scenarios.EventSubscription_proudction_csr_Validation"/>
  <testcase name="Do_Parameterization" time="0.000" classname="DriverScripts_Scenarios.EventSubscription_proudction_csr_Validation"/>
  <testcase name="Do_Parameterization" time="0.000" classname="DriverScripts_Scenarios.EventSubscription_proudction_csr_Validation"/>
  <testcase name="Do_Parameterization" time="75.002" classname="DriverScripts_Scenarios.EventSubscription_proudction_csr_Validation"/>
  <testcase name="Do_Parameterization" time="0.000" classname="DriverScripts_Scenarios.EventSubscription_proudction_csr_Validation"/>
  <testcase name="Do_Parameterization" time="75.045" classname="DriverScripts_Scenarios.EventSubscription_proudction_csr_Validation"/>
  <testcase name="Do_Parameterization" time="0.000" classname="DriverScripts_Scenarios.EventSubscription_proudction_csr_Validation"/>
  <testcase name="Do_Parameterization" time="0.000" classname="DriverScripts_Scenarios.EventSubscription_proudction_csr_Validation"/>
  <testcase name="Do_Parameterization" time="74.885" classname="DriverScripts_Scenarios.EventSubscription_proudction_csr_Validation"/>
  <testcase name="Do_Parameterization" time="0.000" classname="DriverScripts_Scenarios.EventSubscription_proudction_csr_Validation"/>
  <testcase name="Do_Parameterization" time="74.823" classname="DriverScripts_Scenarios.EventSubscription_proudction_csr_Validation"/>
  <testcase name="Do_Parameterization" time="0.000" classname="DriverScripts_Scenarios.EventSubscription_proudction_csr_Validation"/>
  <testcase name="Do_Parameterization" time="0.000" classname="DriverScripts_Scenarios.EventSubscription_proudction_csr_Validation"/>
  <testcase name="Do_Parameterization" time="0.000" classname="DriverScripts_Scenarios.EventSubscription_proudction_csr_Validation"/>
  <testcase name="Do_Parameterization" time="74.454" classname="DriverScripts_Scenarios.EventSubscription_proudction_csr_Validation"/>
  <testcase name="Do_Parameterization" time="0.000" classname="DriverScripts_Scenarios.EventSubscription_proudction_csr_Validation"/>
  <testcase name="Do_Parameterization" time="71.209" classname="DriverScripts_Scenarios.EventSubscription_proudction_csr_Validation"/>
  <testcase name="Do_Parameterization" time="0.000" classname="DriverScripts_Scenarios.EventSubscription_proudction_csr_Validation"/>
  <testcase name="Do_Parameterization" time="75.934" classname="DriverScripts_Scenarios.EventSubscription_proudction_csr_Validation"/>
  <testcase name="Do_Parameterization" time="73.447" classname="DriverScripts_Scenarios.EventSubscription_proudction_csr_Validation"/>
  <testcase name="Do_Parameterization" time="0.000" classname="DriverScripts_Scenarios.EventSubscription_proudction_csr_Validation"/>
  <testcase name="Do_Parameterization" time="69.879" classname="DriverScripts_Scenarios.EventSubscription_proudction_csr_Validation"/>
  <testcase name="Do_Parameterization" time="0.000" classname="DriverScripts_Scenarios.EventSubscription_proudction_csr_Validation"/>
  <testcase name="Do_Parameterization" time="0.000" classname="DriverScripts_Scenarios.EventSubscription_proudction_csr_Validation"/>
  <testcase name="Do_Parameterization" time="73.456" classname="DriverScripts_Scenarios.EventSubscription_proudction_csr_Validation"/>
  <testcase name="Do_Parameterization" time="0.000" classname="DriverScripts_Scenarios.EventSubscription_proudction_csr_Validation"/>
  <testcase name="Do_Parameterization" time="0.000" classname="DriverScripts_Scenarios.EventSubscription_proudction_csr_Validation"/>
  <testcase name="Do_Parameterization" time="73.934" classname="DriverScripts_Scenarios.EventSubscription_proudction_csr_Validation"/>
  <testcase name="Do_Parameterization" time="73.532" classname="DriverScripts_Scenarios.EventSubscription_proudction_csr_Validation"/>
  <testcase name="Do_Parameterization" time="0.016" classname="DriverScripts_Scenarios.EventSubscription_proudction_csr_Validation"/>
  <testcase name="Do_Parameterization" time="74.010" classname="DriverScripts_Scenarios.EventSubscription_proudction_csr_Validation"/>
  <testcase name="Do_Parameterization" time="0.000" classname="DriverScripts_Scenarios.EventSubscription_proudction_csr_Validation"/>
  <testcase name="Do_Parameterization" time="74.446" classname="DriverScripts_Scenarios.EventSubscription_proudction_csr_Validation"/>
  <testcase name="Do_Parameterization" time="0.000" classname="DriverScripts_Scenarios.EventSubscription_proudction_csr_Validation"/>
  <testcase name="Do_Parameterization" time="0.000" classname="DriverScripts_Scenarios.EventSubscription_proudction_csr_Validation"/>
  <testcase name="Do_Parameterization" time="74.767" classname="DriverScripts_Scenarios.EventSubscription_proudction_csr_Validation"/>
  <testcase name="Do_Parameterization" time="0.000" classname="DriverScripts_Scenarios.EventSubscription_proudction_csr_Validation"/>
  <testcase name="Do_Parameterization" time="0.000" classname="DriverScripts_Scenarios.EventSubscription_proudction_csr_Validation"/>
  <testcase name="Do_Parameterization" time="0.000" classname="DriverScripts_Scenarios.EventSubscription_proudction_csr_Validation"/>
  <testcase name="Do_Parameterization" time="76.760" classname="DriverScripts_Scenarios.EventSubscription_proudction_csr_Validation"/>
  <testcase name="Do_Parameterization" time="0.000" classname="DriverScripts_Scenarios.EventSubscription_proudction_csr_Validation"/>
  <testcase name="Do_Parameterization" time="75.263" classname="DriverScripts_Scenarios.EventSubscription_proudction_csr_Validation"/>
  <testcase name="Do_Parameterization" time="0.000" classname="DriverScripts_Scenarios.EventSubscription_proudction_csr_Validation"/>
  <testcase name="Do_Parameterization" time="0.000" classname="DriverScripts_Scenarios.EventSubscription_proudction_csr_Validation"/>
  <testcase name="Do_Parameterization" time="75.075" classname="DriverScripts_Scenarios.EventSubscription_proudction_csr_Validation"/>
  <testcase name="Do_Parameterization" time="71.249" classname="DriverScripts_Scenarios.EventSubscription_proudction_csr_Validation"/>
  <testcase name="Do_Parameterization" time="0.000" classname="DriverScripts_Scenarios.EventSubscription_proudction_csr_Validation"/>
  <testcase name="Do_Parameterization" time="0.000" classname="DriverScripts_Scenarios.EventSubscription_proudction_csr_Validation"/>
  <testcase name="Do_Parameterization" time="0.000" classname="DriverScripts_Scenarios.EventSubscription_proudction_csr_Validation"/>
  <testcase name="Do_Parameterization" time="0.000" classname="DriverScripts_Scenarios.EventSubscription_proudction_csr_Validation"/>
  <testcase name="Do_Parameterization" time="0.000" classname="DriverScripts_Scenarios.EventSubscription_proudction_csr_Validation"/>
  <testcase name="Do_Parameterization" time="0.000" classname="DriverScripts_Scenarios.EventSubscription_proudction_csr_Validation"/>
  <testcase name="Do_Parameterization" time="0.000" classname="DriverScripts_Scenarios.EventSubscription_proudction_csr_Validation"/>
  <testcase name="Do_Parameterization" time="0.016" classname="DriverScripts_Scenarios.EventSubscription_proudction_csr_Validation"/>
  <testcase name="Do_Parameterization" time="74.471" classname="DriverScripts_Scenarios.EventSubscription_proudction_csr_Validation"/>
  <testcase name="Do_Parameterization" time="0.000" classname="DriverScripts_Scenarios.EventSubscription_proudction_csr_Validation"/>
  <testcase name="Do_Parameterization" time="75.516" classname="DriverScripts_Scenarios.EventSubscription_proudction_csr_Validation"/>
  <testcase name="Do_Parameterization" time="0.000" classname="DriverScripts_Scenarios.EventSubscription_proudction_csr_Validation"/>
  <testcase name="Do_Parameterization" time="0.000" classname="DriverScripts_Scenarios.EventSubscription_proudction_csr_Validation"/>
  <testcase name="Do_Parameterization" time="0.000" classname="DriverScripts_Scenarios.EventSubscription_proudction_csr_Validation"/>
  <testcase name="Do_Parameterization" time="0.000" classname="DriverScripts_Scenarios.EventSubscription_proudction_csr_Validation"/>
  <testcase name="Do_Parameterization" time="71.154" classname="DriverScripts_Scenarios.EventSubscription_proudction_csr_Validation"/>
  <testcase name="Do_Parameterization" time="0.000" classname="DriverScripts_Scenarios.EventSubscription_proudction_csr_Validation"/>
  <testcase name="Do_Parameterization" time="0.000" classname="DriverScripts_Scenarios.EventSubscription_proudction_csr_Validation"/>
  <testcase name="Do_Parameterization" time="75.593" classname="DriverScripts_Scenarios.EventSubscription_proudction_csr_Validation"/>
  <testcase name="Do_Parameterization" time="0.000" classname="DriverScripts_Scenarios.EventSubscription_proudction_csr_Validation"/>
  <testcase name="Do_Parameterization" time="93.839" classname="DriverScripts_Scenarios.EventSubscription_proudction_csr_Validation"/>
  <testcase name="Do_Parameterization" time="0.000" classname="DriverScripts_Scenarios.EventSubscription_proudction_csr_Validation"/>
  <testcase name="Do_Parameterization" time="0.000" classname="DriverScripts_Scenarios.EventSubscription_proudction_csr_Validation"/>
  <testcase name="Do_Parameterization" time="0.000" classname="DriverScripts_Scenarios.EventSubscription_proudction_csr_Validation"/>
  <testcase name="Do_Parameterization" time="0.000" classname="DriverScripts_Scenarios.EventSubscription_proudction_csr_Validation"/>
  <testcase name="Do_Parameterization" time="74.390" classname="DriverScripts_Scenarios.EventSubscription_proudction_csr_Validation"/>
  <testcase name="Do_Parameterization" time="72.578" classname="DriverScripts_Scenarios.EventSubscription_proudction_csr_Validation"/>
  <testcase name="Do_Parameterization" time="71.943" classname="DriverScripts_Scenarios.EventSubscription_proudction_csr_Validation"/>
  <testcase name="Do_Parameterization" time="0.000" classname="DriverScripts_Scenarios.EventSubscription_proudction_csr_Validation"/>
  <testcase name="Do_Parameterization" time="0.016" classname="DriverScripts_Scenarios.EventSubscription_proudction_csr_Validation"/>
  <testcase name="Do_Parameterization" time="78.940" classname="DriverScripts_Scenarios.EventSubscription_proudction_csr_Validation"/>
  <testcase name="Do_Parameterization" time="0.000" classname="DriverScripts_Scenarios.EventSubscription_proudction_csr_Validation"/>
  <testcase name="Do_Parameterization" time="0.000" classname="DriverScripts_Scenarios.EventSubscription_proudction_csr_Validation"/>
  <testcase name="Do_Parameterization" time="0.000" classname="DriverScripts_Scenarios.EventSubscription_proudction_csr_Validation"/>
  <testcase name="Do_Parameterization" time="0.000" classname="DriverScripts_Scenarios.EventSubscription_proudction_csr_Validation"/>
  <testcase name="Do_Parameterization" time="0.000" classname="DriverScripts_Scenarios.EventSubscription_proudction_csr_Validation"/>
  <testcase name="Do_Parameterization" time="0.000" classname="DriverScripts_Scenarios.EventSubscription_proudction_csr_Validation"/>
  <testcase name="Do_Parameterization" time="0.000" classname="DriverScripts_Scenarios.EventSubscription_proudction_csr_Validation"/>
  <testcase name="Do_Parameterization" time="74.701" classname="DriverScripts_Scenarios.EventSubscription_proudction_csr_Validation"/>
  <testcase name="Do_Parameterization" time="0.000" classname="DriverScripts_Scenarios.EventSubscription_proudction_csr_Validation"/>
  <testcase name="Do_Parameterization" time="0.000" classname="DriverScripts_Scenarios.EventSubscription_proudction_csr_Validation"/>
  <testcase name="Do_Parameterization" time="0.000" classname="DriverScripts_Scenarios.EventSubscription_proudction_csr_Validation"/>
  <testcase name="Do_Parameterization" time="0.000" classname="DriverScripts_Scenarios.EventSubscription_proudction_csr_Validation"/>
  <testcase name="Do_Parameterization" time="0.000" classname="DriverScripts_Scenarios.EventSubscription_proudction_csr_Validation"/>
  <testcase name="Do_Parameterization" time="0.000" classname="DriverScripts_Scenarios.EventSubscription_proudction_csr_Validation"/>
  <testcase name="Do_Parameterization" time="0.031" classname="DriverScripts_Scenarios.EventSubscription_proudction_csr_Validation"/>
  <testcase name="Do_Parameterization" time="0.000" classname="DriverScripts_Scenarios.EventSubscription_proudction_csr_Validation"/>
  <testcase name="Do_Parameterization" time="74.289" classname="DriverScripts_Scenarios.EventSubscription_proudction_csr_Validation"/>
  <testcase name="Do_Parameterization" time="0.000" classname="DriverScripts_Scenarios.EventSubscription_proudction_csr_Validation"/>
  <testcase name="Do_Parameterization" time="0.000" classname="DriverScripts_Scenarios.EventSubscription_proudction_csr_Validation"/>
  <testcase name="Do_Parameterization" time="0.000" classname="DriverScripts_Scenarios.EventSubscription_proudction_csr_Validation"/>
  <testcase name="Do_Parameterization" time="0.000" classname="DriverScripts_Scenarios.EventSubscription_proudction_csr_Validation"/>
  <testcase name="Do_Parameterization" time="0.000" classname="DriverScripts_Scenarios.EventSubscription_proudction_csr_Validation"/>
  <testcase name="Do_Parameterization" time="0.000" classname="DriverScripts_Scenarios.EventSubscription_proudction_csr_Validation"/>
  <testcase name="Do_Parameterization" time="76.384" classname="DriverScripts_Scenarios.EventSubscription_proudction_csr_Validation"/>
  <testcase name="Do_Parameterization" time="74.809" classname="DriverScripts_Scenarios.EventSubscription_proudction_csr_Validation"/>
  <testcase name="Do_Parameterization" time="76.349" classname="DriverScripts_Scenarios.EventSubscription_proudction_csr_Validation"/>
  <testcase name="Do_Parameterization" time="75.870" classname="DriverScripts_Scenarios.EventSubscription_proudction_csr_Validation"/>
  <testcase name="Do_Parameterization" time="75.360" classname="DriverScripts_Scenarios.EventSubscription_proudction_csr_Validation"/>
  <testcase name="Do_Parameterization" time="0.000" classname="DriverScripts_Scenarios.EventSubscription_proudction_csr_Validation"/>
  <testcase name="Do_Parameterization" time="0.000" classname="DriverScripts_Scenarios.EventSubscription_proudction_csr_Validation"/>
  <testcase name="Do_Parameterization" time="0.000" classname="DriverScripts_Scenarios.EventSubscription_proudction_csr_Validation"/>
  <testcase name="Do_Parameterization" time="0.000" classname="DriverScripts_Scenarios.EventSubscription_proudction_csr_Validation"/>
  <testcase name="Do_Parameterization" time="0.000" classname="DriverScripts_Scenarios.EventSubscription_proudction_csr_Validation"/>
  <testcase name="Do_Parameterization" time="76.116" classname="DriverScripts_Scenarios.EventSubscription_proudction_csr_Validation"/>
  <testcase name="Do_Parameterization" time="73.702" classname="DriverScripts_Scenarios.EventSubscription_proudction_csr_Validation"/>
  <testcase name="Do_Parameterization" time="74.494" classname="DriverScripts_Scenarios.EventSubscription_proudction_csr_Validation"/>
  <testcase name="Do_Parameterization" time="75.568" classname="DriverScripts_Scenarios.EventSubscription_proudction_csr_Validation"/>
  <testcase name="Do_Parameterization" time="0.000" classname="DriverScripts_Scenarios.EventSubscription_proudction_csr_Validation"/>
  <testcase name="Do_Parameterization" time="71.687" classname="DriverScripts_Scenarios.EventSubscription_proudction_csr_Validation"/>
  <testcase name="Do_Parameterization" time="0.000" classname="DriverScripts_Scenarios.EventSubscription_proudction_csr_Validation"/>
  <testcase name="Do_Parameterization" time="74.241" classname="DriverScripts_Scenarios.EventSubscription_proudction_csr_Validation"/>
  <testcase name="Do_Parameterization" time="73.565" classname="DriverScripts_Scenarios.EventSubscription_proudction_csr_Validation"/>
  <testcase name="Do_Parameterization" time="0.000" classname="DriverScripts_Scenarios.EventSubscription_proudction_csr_Validation"/>
  <testcase name="Do_Parameterization" time="0.015" classname="DriverScripts_Scenarios.EventSubscription_proudction_csr_Validation"/>
  <testcase name="Do_Parameterization" time="73.069" classname="DriverScripts_Scenarios.EventSubscription_proudction_csr_Validation"/>
  <testcase name="Do_Parameterization" time="0.000" classname="DriverScripts_Scenarios.EventSubscription_proudction_csr_Validation"/>
  <testcase name="Do_Parameterization" time="73.503" classname="DriverScripts_Scenarios.EventSubscription_proudction_csr_Validation"/>
  <testcase name="Do_Parameterization" time="0.000" classname="DriverScripts_Scenarios.EventSubscription_proudction_csr_Validation"/>
  <testcase name="Do_Parameterization" time="74.278" classname="DriverScripts_Scenarios.EventSubscription_proudction_csr_Validation"/>
  <testcase name="Do_Parameterization" time="0.000" classname="DriverScripts_Scenarios.EventSubscription_proudction_csr_Validation"/>
  <testcase name="Do_Parameterization" time="0.000" classname="DriverScripts_Scenarios.EventSubscription_proudction_csr_Validation"/>
  <testcase name="Do_Parameterization" time="0.000" classname="DriverScripts_Scenarios.EventSubscription_proudction_csr_Validation"/>
  <testcase name="Do_Parameterization" time="0.000" classname="DriverScripts_Scenarios.EventSubscription_proudction_csr_Validation"/>
  <testcase name="Do_Parameterization" time="75.696" classname="DriverScripts_Scenarios.EventSubscription_proudction_csr_Validation"/>
  <testcase name="Do_Parameterization" time="0.000" classname="DriverScripts_Scenarios.EventSubscription_proudction_csr_Validation"/>
  <testcase name="Do_Parameterization" time="0.000" classname="DriverScripts_Scenarios.EventSubscription_proudction_csr_Validation"/>
  <testcase name="Do_Parameterization" time="0.000" classname="DriverScripts_Scenarios.EventSubscription_proudction_csr_Validation"/>
  <testcase name="Do_Parameterization" time="0.000" classname="DriverScripts_Scenarios.EventSubscription_proudction_csr_Validation"/>
  <testcase name="Do_Parameterization" time="0.000" classname="DriverScripts_Scenarios.EventSubscription_proudction_csr_Validation"/>
  <testcase name="Do_Parameterization" time="0.000" classname="DriverScripts_Scenarios.EventSubscription_proudction_csr_Validation"/>
  <testcase name="Do_Parameterization" time="0.000" classname="DriverScripts_Scenarios.EventSubscription_proudction_csr_Validation"/>
  <testcase name="Do_Parameterization" time="0.000" classname="DriverScripts_Scenarios.EventSubscription_proudction_csr_Validation"/>
  <testcase name="Do_Parameterization" time="0.000" classname="DriverScripts_Scenarios.EventSubscription_proudction_csr_Validation"/>
  <testcase name="Do_Parameterization" time="69.136" classname="DriverScripts_Scenarios.EventSubscription_proudction_csr_Validation"/>
  <testcase name="Do_Parameterization" time="79.678" classname="DriverScripts_Scenarios.EventSubscription_proudction_csr_Validation"/>
  <testcase name="Do_Parameterization" time="0.000" classname="DriverScripts_Scenarios.EventSubscription_proudction_csr_Validation"/>
  <testcase name="Do_Parameterization" time="0.000" classname="DriverScripts_Scenarios.EventSubscription_proudction_csr_Validation"/>
  <testcase name="Do_Parameterization" time="0.000" classname="DriverScripts_Scenarios.EventSubscription_proudction_csr_Validation"/>
  <testcase name="Do_Parameterization" time="0.000" classname="DriverScripts_Scenarios.EventSubscription_proudction_csr_Validation"/>
  <testcase name="Do_Parameterization" time="80.120" classname="DriverScripts_Scenarios.EventSubscription_proudction_csr_Validation"/>
  <testcase name="Do_Parameterization" time="0.000" classname="DriverScripts_Scenarios.EventSubscription_proudction_csr_Validation"/>
  <testcase name="Do_Parameterization" time="0.000" classname="DriverScripts_Scenarios.EventSubscription_proudction_csr_Validation"/>
  <testcase name="Do_Parameterization" time="0.000" classname="DriverScripts_Scenarios.EventSubscription_proudction_csr_Validation"/>
  <testcase name="Do_Parameterization" time="74.410" classname="DriverScripts_Scenarios.EventSubscription_proudction_csr_Validation"/>
  <testcase name="Do_Parameterization" time="0.000" classname="DriverScripts_Scenarios.EventSubscription_proudction_csr_Validation"/>
  <testcase name="Do_Parameterization" time="74.432" classname="DriverScripts_Scenarios.EventSubscription_proudction_csr_Validation"/>
  <testcase name="Do_Parameterization" time="0.000" classname="DriverScripts_Scenarios.EventSubscription_proudction_csr_Validation"/>
  <testcase name="Do_Parameterization" time="70.525" classname="DriverScripts_Scenarios.EventSubscription_proudction_csr_Validation"/>
  <testcase name="Do_Parameterization" time="0.000" classname="DriverScripts_Scenarios.EventSubscription_proudction_csr_Validation"/>
  <testcase name="Do_Parameterization" time="0.000" classname="DriverScripts_Scenarios.EventSubscription_proudction_csr_Validation"/>
  <testcase name="Do_Parameterization" time="0.000" classname="DriverScripts_Scenarios.EventSubscription_proudction_csr_Validation"/>
  <testcase name="Do_Parameterization" time="95.047" classname="DriverScripts_Scenarios.EventSubscription_proudction_csr_Validation"/>
  <testcase name="Do_Parameterization" time="0.000" classname="DriverScripts_Scenarios.EventSubscription_proudction_csr_Validation"/>
  <testcase name="Do_Parameterization" time="0.000" classname="DriverScripts_Scenarios.EventSubscription_proudction_csr_Validation"/>
  <testcase name="Do_Parameterization" time="0.000" classname="DriverScripts_Scenarios.EventSubscription_proudction_csr_Validation"/>
  <testcase name="Do_Parameterization" time="0.001" classname="DriverScripts_Scenarios.EventSubscription_proudction_csr_Validation"/>
  <testcase name="Do_Parameterization" time="72.907" classname="DriverScripts_Scenarios.EventSubscription_proudction_csr_Validation"/>
  <testcase name="Do_Parameterization" time="74.254" classname="DriverScripts_Scenarios.EventSubscription_proudction_csr_Validation"/>
  <testcase name="Do_Parameterization" time="73.918" classname="DriverScripts_Scenarios.EventSubscription_proudction_csr_Validation"/>
  <testcase name="Do_Parameterization" time="0.000" classname="DriverScripts_Scenarios.EventSubscription_proudction_csr_Validation"/>
  <testcase name="Do_Parameterization" time="0.000" classname="DriverScripts_Scenarios.EventSubscription_proudction_csr_Validation"/>
  <testcase name="Do_Parameterization" time="67.915" classname="DriverScripts_Scenarios.EventSubscription_proudction_csr_Validation"/>
  <testcase name="Do_Parameterization" time="0.000" classname="DriverScripts_Scenarios.EventSubscription_proudction_csr_Validation"/>
  <testcase name="Do_Parameterization" time="0.000" classname="DriverScripts_Scenarios.EventSubscription_proudction_csr_Validation"/>
  <testcase name="Do_Parameterization" time="0.000" classname="DriverScripts_Scenarios.EventSubscription_proudction_csr_Validation"/>
  <testcase name="Do_Parameterization" time="76.480" classname="DriverScripts_Scenarios.EventSubscription_proudction_csr_Validation"/>
  <testcase name="Do_Parameterization" time="0.000" classname="DriverScripts_Scenarios.EventSubscription_proudction_csr_Validation"/>
  <testcase name="Do_Parameterization" time="0.000" classname="DriverScripts_Scenarios.EventSubscription_proudction_csr_Validation"/>
  <testcase name="Do_Parameterization" time="74.096" classname="DriverScripts_Scenarios.EventSubscription_proudction_csr_Validation"/>
  <testcase name="Do_Parameterization" time="70.239" classname="DriverScripts_Scenarios.EventSubscription_proudction_csr_Validation"/>
  <testcase name="Do_Parameterization" time="76.615" classname="DriverScripts_Scenarios.EventSubscription_proudction_csr_Validation"/>
  <testcase name="Do_Parameterization" time="0.000" classname="DriverScripts_Scenarios.EventSubscription_proudction_csr_Validation"/>
  <testcase name="Do_Parameterization" time="74.215" classname="DriverScripts_Scenarios.EventSubscription_proudction_csr_Validation"/>
  <testcase name="Do_Parameterization" time="0.000" classname="DriverScripts_Scenarios.EventSubscription_proudction_csr_Validation"/>
  <testcase name="Do_Parameterization" time="71.685" classname="DriverScripts_Scenarios.EventSubscription_proudction_csr_Validation"/>
  <testcase name="Do_Parameterization" time="75.009" classname="DriverScripts_Scenarios.EventSubscription_proudction_csr_Validation"/>
  <testcase name="Do_Parameterization" time="0.000" classname="DriverScripts_Scenarios.EventSubscription_proudction_csr_Validation"/>
  <testcase name="Do_Parameterization" time="0.000" classname="DriverScripts_Scenarios.EventSubscription_proudction_csr_Validation"/>
  <testcase name="Do_Parameterization" time="74.085" classname="DriverScripts_Scenarios.EventSubscription_proudction_csr_Validation"/>
  <testcase name="Do_Parameterization" time="81.198" classname="DriverScripts_Scenarios.EventSubscription_proudction_csr_Validation"/>
  <testcase name="Do_Parameterization" time="0.000" classname="DriverScripts_Scenarios.EventSubscription_proudction_csr_Validation"/>
  <testcase name="Do_Parameterization" time="0.000" classname="DriverScripts_Scenarios.EventSubscription_proudction_csr_Validation"/>
  <testcase name="Do_Parameterization" time="76.929" classname="DriverScripts_Scenarios.EventSubscription_proudction_csr_Validation"/>
  <testcase name="Do_Parameterization" time="70.230" classname="DriverScripts_Scenarios.EventSubscription_proudction_csr_Validation"/>
  <testcase name="Do_Parameterization" time="75.011" classname="DriverScripts_Scenarios.EventSubscription_proudction_csr_Validation"/>
  <testcase name="Do_Parameterization" time="0.000" classname="DriverScripts_Scenarios.EventSubscription_proudction_csr_Validation"/>
  <testcase name="Do_Parameterization" time="0.000" classname="DriverScripts_Scenarios.EventSubscription_proudction_csr_Validation"/>
  <testcase name="Do_Parameterization" time="0.000" classname="DriverScripts_Scenarios.EventSubscription_proudction_csr_Validation"/>
  <testcase name="Do_Parameterization" time="0.000" classname="DriverScripts_Scenarios.EventSubscription_proudction_csr_Validation"/>
  <testcase name="Do_Parameterization" time="73.542" classname="DriverScripts_Scenarios.EventSubscription_proudction_csr_Validation"/>
  <testcase name="Do_Parameterization" time="0.000" classname="DriverScripts_Scenarios.EventSubscription_proudction_csr_Validation"/>
  <testcase name="Do_Parameterization" time="0.000" classname="DriverScripts_Scenarios.EventSubscription_proudction_csr_Validation"/>
  <testcase name="Do_Parameterization" time="0.000" classname="DriverScripts_Scenarios.EventSubscription_proudction_csr_Validation"/>
  <testcase name="Do_Parameterization" time="0.000" classname="DriverScripts_Scenarios.EventSubscription_proudction_csr_Validation"/>
  <testcase name="Do_Parameterization" time="0.000" classname="DriverScripts_Scenarios.EventSubscription_proudction_csr_Validation"/>
  <testcase name="Do_Parameterization" time="0.000" classname="DriverScripts_Scenarios.EventSubscription_proudction_csr_Validation"/>
  <testcase name="Do_Parameterization" time="79.237" classname="DriverScripts_Scenarios.EventSubscription_proudction_csr_Validation"/>
  <testcase name="Do_Parameterization" time="74.875" classname="DriverScripts_Scenarios.EventSubscription_proudction_csr_Validation"/>
  <testcase name="Do_Parameterization" time="0.000" classname="DriverScripts_Scenarios.EventSubscription_proudction_csr_Validation"/>
  <testcase name="Do_Parameterization" time="0.000" classname="DriverScripts_Scenarios.EventSubscription_proudction_csr_Validation"/>
  <testcase name="Do_Parameterization" time="0.000" classname="DriverScripts_Scenarios.EventSubscription_proudction_csr_Validation"/>
  <testcase name="Do_Parameterization" time="0.000" classname="DriverScripts_Scenarios.EventSubscription_proudction_csr_Validation"/>
  <testcase name="Do_Parameterization" time="0.000" classname="DriverScripts_Scenarios.EventSubscription_proudction_csr_Validation"/>
  <testcase name="Do_Parameterization" time="0.000" classname="DriverScripts_Scenarios.EventSubscription_proudction_csr_Validation"/>
  <testcase name="Do_Parameterization" time="75.921" classname="DriverScripts_Scenarios.EventSubscription_proudction_csr_Validation"/>
  <testcase name="Do_Parameterization" time="73.799" classname="DriverScripts_Scenarios.EventSubscription_proudction_csr_Validation"/>
  <testcase name="Do_Parameterization" time="0.001" classname="DriverScripts_Scenarios.EventSubscription_proudction_csr_Validation"/>
  <testcase name="Do_Parameterization" time="0.000" classname="DriverScripts_Scenarios.EventSubscription_proudction_csr_Validation"/>
  <testcase name="Do_Parameterization" time="0.000" classname="DriverScripts_Scenarios.EventSubscription_proudction_csr_Validation"/>
  <testcase name="Do_Parameterization" time="71.032" classname="DriverScripts_Scenarios.EventSubscription_proudction_csr_Validation"/>
  <testcase name="Do_Parameterization" time="0.000" classname="DriverScripts_Scenarios.EventSubscription_proudction_csr_Validation"/>
  <testcase name="Do_Parameterization" time="0.000" classname="DriverScripts_Scenarios.EventSubscription_proudction_csr_Validation"/>
  <testcase name="Do_Parameterization" time="75.737" classname="DriverScripts_Scenarios.EventSubscription_proudction_csr_Validation"/>
  <testcase name="Do_Parameterization" time="0.000" classname="DriverScripts_Scenarios.EventSubscription_proudction_csr_Validation"/>
  <testcase name="Do_Parameterization" time="76.119" classname="DriverScripts_Scenarios.EventSubscription_proudction_csr_Validation"/>
  <testcase name="Do_Parameterization" time="74.819" classname="DriverScripts_Scenarios.EventSubscription_proudction_csr_Validation"/>
  <testcase name="Do_Parameterization" time="0.000" classname="DriverScripts_Scenarios.EventSubscription_proudction_csr_Validation"/>
  <testcase name="Do_Parameterization" time="76.329" classname="DriverScripts_Scenarios.EventSubscription_proudction_csr_Validation"/>
  <testcase name="Do_Parameterization" time="74.877" classname="DriverScripts_Scenarios.EventSubscription_proudction_csr_Validation"/>
  <testcase name="Do_Parameterization" time="75.251" classname="DriverScripts_Scenarios.EventSubscription_proudction_csr_Validation"/>
  <testcase name="Do_Parameterization" time="0.000" classname="DriverScripts_Scenarios.EventSubscription_proudction_csr_Validation"/>
  <testcase name="Do_Parameterization" time="0.000" classname="DriverScripts_Scenarios.EventSubscription_proudction_csr_Validation"/>
  <testcase name="Do_Parameterization" time="74.859" classname="DriverScripts_Scenarios.EventSubscription_proudction_csr_Validation"/>
  <testcase name="Do_Parameterization" time="0.000" classname="DriverScripts_Scenarios.EventSubscription_proudction_csr_Validation"/>
  <testcase name="Do_Parameterization" time="0.000" classname="DriverScripts_Scenarios.EventSubscription_proudction_csr_Validation"/>
  <testcase name="Do_Parameterization" time="0.000" classname="DriverScripts_Scenarios.EventSubscription_proudction_csr_Validation"/>
  <testcase name="Do_Parameterization" time="0.000" classname="DriverScripts_Scenarios.EventSubscription_proudction_csr_Validation"/>
  <testcase name="Do_Parameterization" time="0.016" classname="DriverScripts_Scenarios.EventSubscription_proudction_csr_Validation"/>
  <testcase name="Do_Parameterization" time="0.000" classname="DriverScripts_Scenarios.EventSubscription_proudction_csr_Validation"/>
  <testcase name="Do_Parameterization" time="0.000" classname="DriverScripts_Scenarios.EventSubscription_proudction_csr_Validation"/>
  <testcase name="Do_Parameterization" time="0.000" classname="DriverScripts_Scenarios.EventSubscription_proudction_csr_Validation"/>
  <testcase name="Do_Parameterization" time="0.000" classname="DriverScripts_Scenarios.EventSubscription_proudction_csr_Validation"/>
  <testcase name="Do_Parameterization" time="0.000" classname="DriverScripts_Scenarios.EventSubscription_proudction_csr_Validation"/>
  <testcase name="Do_Parameterization" time="0.000" classname="DriverScripts_Scenarios.EventSubscription_proudction_csr_Validation"/>
  <testcase name="Do_Parameterization" time="0.000" classname="DriverScripts_Scenarios.EventSubscription_proudction_csr_Validation"/>
  <testcase name="Do_Parameterization" time="75.735" classname="DriverScripts_Scenarios.EventSubscription_proudction_csr_Validation"/>
  <testcase name="Do_Parameterization" time="74.683" classname="DriverScripts_Scenarios.EventSubscription_proudction_csr_Validation"/>
  <testcase name="Do_Parameterization" time="0.000" classname="DriverScripts_Scenarios.EventSubscription_proudction_csr_Validation"/>
  <testcase name="Do_Parameterization" time="76.581" classname="DriverScripts_Scenarios.EventSubscription_proudction_csr_Validation"/>
  <testcase name="Do_Parameterization" time="0.000" classname="DriverScripts_Scenarios.EventSubscription_proudction_csr_Validation"/>
  <testcase name="Do_Parameterization" time="0.000" classname="DriverScripts_Scenarios.EventSubscription_proudction_csr_Validation"/>
  <testcase name="Do_Parameterization" time="75.923" classname="DriverScripts_Scenarios.EventSubscription_proudction_csr_Validation"/>
  <testcase name="Do_Parameterization" time="75.284" classname="DriverScripts_Scenarios.EventSubscription_proudction_csr_Validation"/>
  <testcase name="Do_Parameterization" time="0.000" classname="DriverScripts_Scenarios.EventSubscription_proudction_csr_Validation"/>
  <testcase name="Do_Parameterization" time="74.443" classname="DriverScripts_Scenarios.EventSubscription_proudction_csr_Validation"/>
  <testcase name="Do_Parameterization" time="76.161" classname="DriverScripts_Scenarios.EventSubscription_proudction_csr_Validation"/>
  <testcase name="Do_Parameterization" time="0.000" classname="DriverScripts_Scenarios.EventSubscription_proudction_csr_Validation"/>
  <testcase name="Do_Parameterization" time="0.000" classname="DriverScripts_Scenarios.EventSubscription_proudction_csr_Validation"/>
  <testcase name="Do_Parameterization" time="74.043" classname="DriverScripts_Scenarios.EventSubscription_proudction_csr_Validation"/>
  <testcase name="Do_Parameterization" time="77.675" classname="DriverScripts_Scenarios.EventSubscription_proudction_csr_Validation"/>
  <testcase name="Do_Parameterization" time="73.150" classname="DriverScripts_Scenarios.EventSubscription_proudction_csr_Validation"/>
  <testcase name="Do_Parameterization" time="0.000" classname="DriverScripts_Scenarios.EventSubscription_proudction_csr_Validation"/>
  <testcase name="Do_Parameterization" time="75.785" classname="DriverScripts_Scenarios.EventSubscription_proudction_csr_Validation"/>
  <testcase name="Do_Parameterization" time="92.074" classname="DriverScripts_Scenarios.EventSubscription_proudction_csr_Validation"/>
  <testcase name="Do_Parameterization" time="0.000" classname="DriverScripts_Scenarios.EventSubscription_proudction_csr_Validation"/>
  <testcase name="Do_Parameterization" time="74.520" classname="DriverScripts_Scenarios.EventSubscription_proudction_csr_Validation"/>
  <testcase name="Do_Parameterization" time="0.000" classname="DriverScripts_Scenarios.EventSubscription_proudction_csr_Validation"/>
  <testcase name="Do_Parameterization" time="0.000" classname="DriverScripts_Scenarios.EventSubscription_proudction_csr_Validation"/>
  <testcase name="Do_Parameterization" time="0.000" classname="DriverScripts_Scenarios.EventSubscription_proudction_csr_Validation"/>
  <testcase name="Do_Parameterization" time="0.000" classname="DriverScripts_Scenarios.EventSubscription_proudction_csr_Validation"/>
  <testcase name="Do_Parameterization" time="0.000" classname="DriverScripts_Scenarios.EventSubscription_proudction_csr_Validation"/>
  <testcase name="Do_Parameterization" time="0.000" classname="DriverScripts_Scenarios.EventSubscription_proudction_csr_Validation"/>
  <testcase name="Do_Parameterization" time="71.253" classname="DriverScripts_Scenarios.EventSubscription_proudction_csr_Validation"/>
  <testcase name="Do_Parameterization" time="74.042" classname="DriverScripts_Scenarios.EventSubscription_proudction_csr_Validation"/>
  <testcase name="Do_Parameterization" time="70.077" classname="DriverScripts_Scenarios.EventSubscription_proudction_csr_Validation"/>
  <testcase name="Do_Parameterization" time="0.000" classname="DriverScripts_Scenarios.EventSubscription_proudction_csr_Validation"/>
  <testcase name="Do_Parameterization" time="74.128" classname="DriverScripts_Scenarios.EventSubscription_proudction_csr_Validation"/>
  <testcase name="Do_Parameterization" time="0.000" classname="DriverScripts_Scenarios.EventSubscription_proudction_csr_Validation"/>
  <testcase name="Do_Parameterization" time="75.689" classname="DriverScripts_Scenarios.EventSubscription_proudction_csr_Validation"/>
  <testcase name="Do_Parameterization" time="0.000" classname="DriverScripts_Scenarios.EventSubscription_proudction_csr_Validation"/>
  <testcase name="Do_Parameterization" time="0.000" classname="DriverScripts_Scenarios.EventSubscription_proudction_csr_Validation"/>
  <testcase name="Do_Parameterization" time="0.031" classname="DriverScripts_Scenarios.EventSubscription_proudction_csr_Validation"/>
  <testcase name="Do_Parameterization" time="71.882" classname="DriverScripts_Scenarios.EventSubscription_proudction_csr_Validation"/>
  <testcase name="Do_Parameterization" time="73.600" classname="DriverScripts_Scenarios.EventSubscription_proudction_csr_Validation"/>
  <testcase name="Do_Parameterization" time="76.020" classname="DriverScripts_Scenarios.EventSubscription_proudction_csr_Validation"/>
  <testcase name="Do_Parameterization" time="74.204" classname="DriverScripts_Scenarios.EventSubscription_proudction_csr_Validation"/>
  <testcase name="Do_Parameterization" time="0.000" classname="DriverScripts_Scenarios.EventSubscription_proudction_csr_Validation"/>
  <testcase name="Do_Parameterization" time="0.000" classname="DriverScripts_Scenarios.EventSubscription_proudction_csr_Validation"/>
  <testcase name="Do_Parameterization" time="0.000" classname="DriverScripts_Scenarios.EventSubscription_proudction_csr_Validation"/>
  <testcase name="Do_Parameterization" time="71.684" classname="DriverScripts_Scenarios.EventSubscription_proudction_csr_Validation"/>
  <testcase name="Do_Parameterization" time="0.000" classname="DriverScripts_Scenarios.EventSubscription_proudction_csr_Validation"/>
  <testcase name="Do_Parameterization" time="69.937" classname="DriverScripts_Scenarios.EventSubscription_proudction_csr_Validation"/>
  <testcase name="Do_Parameterization" time="0.000" classname="DriverScripts_Scenarios.EventSubscription_proudction_csr_Validation"/>
  <testcase name="Do_Parameterization" time="0.000" classname="DriverScripts_Scenarios.EventSubscription_proudction_csr_Validation"/>
  <testcase name="Do_Parameterization" time="0.000" classname="DriverScripts_Scenarios.EventSubscription_proudction_csr_Validation"/>
  <testcase name="Do_Parameterization" time="0.000" classname="DriverScripts_Scenarios.EventSubscription_proudction_csr_Validation"/>
  <testcase name="Do_Parameterization" time="0.000" classname="DriverScripts_Scenarios.EventSubscription_proudction_csr_Validation"/>
  <testcase name="Do_Parameterization" time="75.264" classname="DriverScripts_Scenarios.EventSubscription_proudction_csr_Validation"/>
  <testcase name="Do_Parameterization" time="74.368" classname="DriverScripts_Scenarios.EventSubscription_proudction_csr_Validation"/>
  <testcase name="Do_Parameterization" time="0.000" classname="DriverScripts_Scenarios.EventSubscription_proudction_csr_Validation"/>
  <testcase name="Do_Parameterization" time="75.457" classname="DriverScripts_Scenarios.EventSubscription_proudction_csr_Validation"/>
  <testcase name="Do_Parameterization" time="0.001" classname="DriverScripts_Scenarios.EventSubscription_proudction_csr_Validation"/>
  <testcase name="Do_Parameterization" time="0.000" classname="DriverScripts_Scenarios.EventSubscription_proudction_csr_Validation"/>
  <testcase name="Do_Parameterization" time="75.090" classname="DriverScripts_Scenarios.EventSubscription_proudction_csr_Validation"/>
  <testcase name="Do_Parameterization" time="0.000" classname="DriverScripts_Scenarios.EventSubscription_proudction_csr_Validation"/>
  <testcase name="Do_Parameterization" time="0.000" classname="DriverScripts_Scenarios.EventSubscription_proudction_csr_Validation"/>
  <testcase name="Do_Parameterization" time="0.000" classname="DriverScripts_Scenarios.EventSubscription_proudction_csr_Validation"/>
  <testcase name="Do_Parameterization" time="0.015" classname="DriverScripts_Scenarios.EventSubscription_proudction_csr_Validation"/>
  <testcase name="Do_Parameterization" time="0.000" classname="DriverScripts_Scenarios.EventSubscription_proudction_csr_Validation"/>
  <testcase name="Do_Parameterization" time="0.000" classname="DriverScripts_Scenarios.EventSubscription_proudction_csr_Validation"/>
  <testcase name="Do_Parameterization" time="0.015" classname="DriverScripts_Scenarios.EventSubscription_proudction_csr_Validation"/>
  <testcase name="Do_Parameterization" time="0.000" classname="DriverScripts_Scenarios.EventSubscription_proudction_csr_Validation"/>
  <testcase name="Do_Parameterization" time="0.000" classname="DriverScripts_Scenarios.EventSubscription_proudction_csr_Validation"/>
  <testcase name="Do_Parameterization" time="73.740" classname="DriverScripts_Scenarios.EventSubscription_proudction_csr_Validation"/>
  <testcase name="Do_Parameterization" time="0.000" classname="DriverScripts_Scenarios.EventSubscription_proudction_csr_Validation"/>
  <testcase name="Do_Parameterization" time="0.000" classname="DriverScripts_Scenarios.EventSubscription_proudction_csr_Validation"/>
  <testcase name="Do_Parameterization" time="0.000" classname="DriverScripts_Scenarios.EventSubscription_proudction_csr_Validation"/>
  <testcase name="Do_Parameterization" time="0.000" classname="DriverScripts_Scenarios.EventSubscription_proudction_csr_Validation"/>
  <testcase name="Do_Parameterization" time="0.000" classname="DriverScripts_Scenarios.EventSubscription_proudction_csr_Validation"/>
  <testcase name="Do_Parameterization" time="0.000" classname="DriverScripts_Scenarios.EventSubscription_proudction_csr_Validation"/>
  <testcase name="Do_Parameterization" time="75.803" classname="DriverScripts_Scenarios.EventSubscription_proudction_csr_Validation"/>
  <testcase name="Do_Parameterization" time="75.082" classname="DriverScripts_Scenarios.EventSubscription_proudction_csr_Validation"/>
  <testcase name="Do_Parameterization" time="0.000" classname="DriverScripts_Scenarios.EventSubscription_proudction_csr_Validation"/>
  <testcase name="Do_Parameterization" time="0.000" classname="DriverScripts_Scenarios.EventSubscription_proudction_csr_Validation"/>
  <testcase name="Do_Parameterization" time="74.331" classname="DriverScripts_Scenarios.EventSubscription_proudction_csr_Validation"/>
  <testcase name="Do_Parameterization" time="73.909" classname="DriverScripts_Scenarios.EventSubscription_proudction_csr_Validation"/>
  <testcase name="Do_Parameterization" time="74.790" classname="DriverScripts_Scenarios.EventSubscription_proudction_csr_Validation"/>
  <testcase name="Do_Parameterization" time="0.000" classname="DriverScripts_Scenarios.EventSubscription_proudction_csr_Validation"/>
  <testcase name="Do_Parameterization" time="0.000" classname="DriverScripts_Scenarios.EventSubscription_proudction_csr_Validation"/>
  <testcase name="Do_Parameterization" time="75.980" classname="DriverScripts_Scenarios.EventSubscription_proudction_csr_Validation"/>
  <testcase name="Do_Parameterization" time="75.576" classname="DriverScripts_Scenarios.EventSubscription_proudction_csr_Validation"/>
  <testcase name="Do_Parameterization" time="0.000" classname="DriverScripts_Scenarios.EventSubscription_proudction_csr_Validation"/>
  <testcase name="Do_Parameterization" time="76.283" classname="DriverScripts_Scenarios.EventSubscription_proudction_csr_Validation"/>
  <testcase name="Do_Parameterization" time="0.000" classname="DriverScripts_Scenarios.EventSubscription_proudction_csr_Validation"/>
  <testcase name="Do_Parameterization" time="0.000" classname="DriverScripts_Scenarios.EventSubscription_proudction_csr_Validation"/>
  <testcase name="Do_Parameterization" time="74.250" classname="DriverScripts_Scenarios.EventSubscription_proudction_csr_Validation"/>
  <testcase name="Do_Parameterization" time="74.179" classname="DriverScripts_Scenarios.EventSubscription_proudction_csr_Validation"/>
  <testcase name="Do_Parameterization" time="72.148" classname="DriverScripts_Scenarios.EventSubscription_proudction_csr_Validation"/>
  <testcase name="Do_Parameterization" time="0.000" classname="DriverScripts_Scenarios.EventSubscription_proudction_csr_Validation"/>
  <testcase name="Do_Parameterization" time="0.000" classname="DriverScripts_Scenarios.EventSubscription_proudction_csr_Validation"/>
  <testcase name="Do_Parameterization" time="75.663" classname="DriverScripts_Scenarios.EventSubscription_proudction_csr_Validation"/>
  <testcase name="Do_Parameterization" time="0.000" classname="DriverScripts_Scenarios.EventSubscription_proudction_csr_Validation"/>
  <testcase name="Do_Parameterization" time="73.973" classname="DriverScripts_Scenarios.EventSubscription_proudction_csr_Validation"/>
  <testcase name="Do_Parameterization" time="0.000" classname="DriverScripts_Scenarios.EventSubscription_proudction_csr_Validation"/>
  <testcase name="Do_Parameterization" time="0.000" classname="DriverScripts_Scenarios.EventSubscription_proudction_csr_Validation"/>
  <testcase name="Do_Parameterization" time="0.016" classname="DriverScripts_Scenarios.EventSubscription_proudction_csr_Validation"/>
  <testcase name="Do_Parameterization" time="0.000" classname="DriverScripts_Scenarios.EventSubscription_proudction_csr_Validation"/>
  <testcase name="Do_Parameterization" time="0.000" classname="DriverScripts_Scenarios.EventSubscription_proudction_csr_Validation"/>
  <testcase name="Do_Parameterization" time="0.000" classname="DriverScripts_Scenarios.EventSubscription_proudction_csr_Validation"/>
  <testcase name="Do_Parameterization" time="71.491" classname="DriverScripts_Scenarios.EventSubscription_proudction_csr_Validation"/>
  <testcase name="Do_Parameterization" time="0.000" classname="DriverScripts_Scenarios.EventSubscription_proudction_csr_Validation"/>
  <testcase name="Do_Parameterization" time="69.640" classname="DriverScripts_Scenarios.EventSubscription_proudction_csr_Validation"/>
  <testcase name="Do_Parameterization" time="0.000" classname="DriverScripts_Scenarios.EventSubscription_proudction_csr_Validation"/>
  <testcase name="Do_Parameterization" time="0.000" classname="DriverScripts_Scenarios.EventSubscription_proudction_csr_Validation"/>
  <testcase name="Do_Parameterization" time="0.000" classname="DriverScripts_Scenarios.EventSubscription_proudction_csr_Validation"/>
  <testcase name="Do_Parameterization" time="0.000" classname="DriverScripts_Scenarios.EventSubscription_proudction_csr_Validation"/>
  <testcase name="Do_Parameterization" time="0.000" classname="DriverScripts_Scenarios.EventSubscription_proudction_csr_Validation"/>
  <testcase name="Do_Parameterization" time="0.000" classname="DriverScripts_Scenarios.EventSubscription_proudction_csr_Validation"/>
  <testcase name="Do_Parameterization" time="0.000" classname="DriverScripts_Scenarios.EventSubscription_proudction_csr_Validation"/>
  <testcase name="Do_Parameterization" time="72.029" classname="DriverScripts_Scenarios.EventSubscription_proudction_csr_Validation"/>
[...]
  <testcase name="Do_Parameterization" time="78.401" classname="DriverScripts_Scenarios.EventSubscription_proudction_csr_Validation"/>
  <testcase name="Do_Parameterization" time="73.253" classname="DriverScripts_Scenarios.EventSubscription_proudction_csr_Validation"/>
  <testcase name="Do_Parameterization" time="0.000" classname="DriverScripts_Scenarios.EventSubscription_proudction_csr_Validation"/>
  <testcase name="Do_Parameterization" time="75.770" classname="DriverScripts_Scenarios.EventSubscription_proudction_csr_Validation"/>
  <testcase name="Do_Parameterization" time="0.000" classname="DriverScripts_Scenarios.EventSubscription_proudction_csr_Validation"/>
  <testcase name="Do_Parameterization" time="0.000" classname="DriverScripts_Scenarios.EventSubscription_proudction_csr_Validation"/>
  <testcase name="Do_Parameterization" time="0.000" classname="DriverScripts_Scenarios.EventSubscription_proudction_csr_Validation"/>
  <testcase name="Do_Parameterization" time="0.000" classname="DriverScripts_Scenarios.EventSubscription_proudction_csr_Validation"/>
  <testcase name="Do_Parameterization" time="0.000" classname="DriverScripts_Scenarios.EventSubscription_proudction_csr_Validation"/>
  <testcase name="Do_Parameterization" time="0.000" classname="DriverScripts_Scenarios.EventSubscription_proudction_csr_Validation"/>
  <testcase name="Do_Parameterization" time="73.409" classname="DriverScripts_Scenarios.EventSubscription_proudction_csr_Validation"/>
  <testcase name="Do_Parameterization" time="71.308" classname="DriverScripts_Scenarios.EventSubscription_proudction_csr_Validation"/>
  <testcase name="Do_Parameterization" time="75.549" classname="DriverScripts_Scenarios.EventSubscription_proudction_csr_Validation"/>
  <testcase name="Do_Parameterization" time="0.000" classname="DriverScripts_Scenarios.EventSubscription_proudction_csr_Validation"/>
  <testcase name="Do_Parameterization" time="0.000" classname="DriverScripts_Scenarios.EventSubscription_proudction_csr_Validation"/>
  <testcase name="Do_Parameterization" time="0.000" classname="DriverScripts_Scenarios.EventSubscription_proudction_csr_Validation"/>
  <testcase name="Do_Parameterization" time="0.000" classname="DriverScripts_Scenarios.EventSubscription_proudction_csr_Validation"/>
  <testcase name="Do_Parameterization" time="74.618" classname="DriverScripts_Scenarios.EventSubscription_proudction_csr_Validation"/>
  <testcase name="Do_Parameterization" time="0.000" classname="DriverScripts_Scenarios.EventSubscription_proudction_csr_Validation"/>
  <testcase name="Do_Parameterization" time="73.505" classname="DriverScripts_Scenarios.EventSubscription_proudction_csr_Validation"/>
  <testcase name="Do_Parameterization" time="72.193" classname="DriverScripts_Scenarios.EventSubscription_proudction_csr_Validation"/>
  <testcase name="Do_Parameterization" time="0.000" classname="DriverScripts_Scenarios.EventSubscription_proudction_csr_Validation"/>
  <testcase name="Do_Parameterization" time="0.000" classname="DriverScripts_Scenarios.EventSubscription_proudction_csr_Validation"/>
  <testcase name="Do_Parameterization" time="73.719" classname="DriverScripts_Scenarios.EventSubscription_proudction_csr_Validation"/>
  <testcase name="Do_Parameterization" time="74.208" classname="DriverScripts_Scenarios.EventSubscription_proudction_csr_Validation"/>
  <testcase name="Do_Parameterization" time="0.000" classname="DriverScripts_Scenarios.EventSubscription_proudction_csr_Validation"/>
  <testcase name="Do_Parameterization" time="75.150" classname="DriverScripts_Scenarios.EventSubscription_proudction_csr_Validation"/>
  <testcase name="Do_Parameterization" time="0.000" classname="DriverScripts_Scenarios.EventSubscription_proudction_csr_Validation"/>
  <testcase name="Do_Parameterization" time="72.760" classname="DriverScripts_Scenarios.EventSubscription_proudction_csr_Validation"/>
  <testcase name="Do_Parameterization" time="0.000" classname="DriverScripts_Scenarios.EventSubscription_proudction_csr_Validation"/>
  <testcase name="Do_Parameterization" time="76.195" classname="DriverScripts_Scenarios.EventSubscription_proudction_csr_Validation"/>
  <testcase name="Do_Parameterization" time="71.443" classname="DriverScripts_Scenarios.EventSubscription_proudction_csr_Validation"/>
  <testcase name="Do_Parameterization" time="74.567" classname="DriverScripts_Scenarios.EventSubscription_proudction_csr_Validation"/>
  <testcase name="Do_Parameterization" time="0.000" classname="DriverScripts_Scenarios.EventSubscription_proudction_csr_Validation"/>
  <testcase name="Do_Parameterization" time="0.000" classname="DriverScripts_Scenarios.EventSubscription_proudction_csr_Validation"/>
  <testcase name="Do_Parameterization" time="0.000" classname="DriverScripts_Scenarios.EventSubscription_proudction_csr_Validation"/>
  <testcase name="Do_Parameterization" time="0.000" classname="DriverScripts_Scenarios.EventSubscription_proudction_csr_Validation"/>
  <testcase name="Do_Parameterization" time="0.000" classname="DriverScripts_Scenarios.EventSubscription_proudction_csr_Validation"/>
  <testcase name="Do_Parameterization" time="77.849" classname="DriverScripts_Scenarios.EventSubscription_proudction_csr_Validation"/>
  <testcase name="Do_Parameterization" time="0.000" classname="DriverScripts_Scenarios.EventSubscription_proudction_csr_Validation"/>
  <testcase name="Do_Parameterization" time="79.245" classname="DriverScripts_Scenarios.EventSubscription_proudction_csr_Validation"/>
  <testcase name="Do_Parameterization" time="77.753" classname="DriverScripts_Scenarios.EventSubscription_proudction_csr_Validation"/>
  <testcase name="Do_Parameterization" time="0.000" classname="DriverScripts_Scenarios.EventSubscription_proudction_csr_Validation"/>
  <testcase name="Do_Parameterization" time="74.071" classname="DriverScripts_Scenarios.EventSubscription_proudction_csr_Validation"/>
  <testcase name="Do_Parameterization" time="0.001" classname="DriverScripts_Scenarios.EventSubscription_proudction_csr_Validation"/>
  <testcase name="Do_Parameterization" time="0.000" classname="DriverScripts_Scenarios.EventSubscription_proudction_csr_Validation"/>
  <testcase name="Do_Parameterization" time="0.000" classname="DriverScripts_Scenarios.EventSubscription_proudction_csr_Validation"/>
  <testcase name="Do_Parameterization" time="0.000" classname="DriverScripts_Scenarios.EventSubscription_proudction_csr_Validation"/>
  <testcase name="Do_Parameterization" time="0.000" classname="DriverScripts_Scenarios.EventSubscription_proudction_csr_Validation"/>
  <testcase name="Do_Parameterization" time="0.000" classname="DriverScripts_Scenarios.EventSubscription_proudction_csr_Validation"/>
  <testcase name="Do_Parameterization" time="0.000" classname="DriverScripts_Scenarios.EventSubscription_proudction_csr_Validation"/>
  <testcase name="Do_Parameterization" time="0.000" classname="DriverScripts_Scenarios.EventSubscription_proudction_csr_Validation"/>
  <testcase name="Do_Parameterization" time="0.000" classname="DriverScripts_Scenarios.EventSubscription_proudction_csr_Validation"/>
  <testcase name="Do_Parameterization" time="74.436" classname="DriverScripts_Scenarios.EventSubscription_proudction_csr_Validation"/>
  <testcase name="Do_Parameterization" time="0.000" classname="DriverScripts_Scenarios.EventSubscription_proudction_csr_Validation"/>
  <testcase name="Do_Parameterization" time="76.436" classname="DriverScripts_Scenarios.EventSubscription_proudction_csr_Validation"/>
  <testcase name="Do_Parameterization" time="95.845" classname="DriverScripts_Scenarios.EventSubscription_proudction_csr_Validation"/>
  <testcase name="Do_Parameterization" time="0.000" classname="DriverScripts_Scenarios.EventSubscription_proudction_csr_Validation"/>
  <testcase name="Do_Parameterization" time="0.000" classname="DriverScripts_Scenarios.EventSubscription_proudction_csr_Validation"/>
  <testcase name="Do_Parameterization" time="0.000" classname="DriverScripts_Scenarios.EventSubscription_proudction_csr_Validation"/>
  <testcase name="Do_Parameterization" time="0.000" classname="DriverScripts_Scenarios.EventSubscription_proudction_csr_Validation"/>
  <testcase name="Do_Parameterization" time="0.016" classname="DriverScripts_Scenarios.EventSubscription_proudction_csr_Validation"/>
  <testcase name="Do_Parameterization" time="74.569" classname="DriverScripts_Scenarios.EventSubscription_proudction_csr_Validation"/>
  <testcase name="Do_Parameterization" time="0.000" classname="DriverScripts_Scenarios.EventSubscription_proudction_csr_Validation"/>
  <testcase name="Do_Parameterization" time="0.031" classname="DriverScripts_Scenarios.EventSubscription_proudction_csr_Validation"/>
  <testcase name="Do_Parameterization" time="0.000" classname="DriverScripts_Scenarios.EventSubscription_proudction_csr_Validation"/>
  <testcase name="Do_Parameterization" time="0.000" classname="DriverScripts_Scenarios.EventSubscription_proudction_csr_Validation"/>
  <testcase name="Do_Parameterization" time="0.000" classname="DriverScripts_Scenarios.EventSubscription_proudction_csr_Validation"/>
  <testcase name="Do_Parameterization" time="0.000" classname="DriverScripts_Scenarios.EventSubscription_proudction_csr_Validation"/>
  <testcase name="Do_Parameterization" time="0.000" classname="DriverScripts_Scenarios.EventSubscription_proudction_csr_Validation"/>
  <testcase name="Do_Parameterization" time="72.812" classname="DriverScripts_Scenarios.EventSubscription_proudction_csr_Validation"/>
  <testcase name="Do_Parameterization" time="72.660" classname="DriverScripts_Scenarios.EventSubscription_proudction_csr_Validation"/>
  <testcase name="Do_Parameterization" time="0.000" classname="DriverScripts_Scenarios.EventSubscription_proudction_csr_Validation"/>
  <testcase name="Do_Parameterization" time="0.000" classname="DriverScripts_Scenarios.EventSubscription_proudction_csr_Validation"/>
  <testcase name="Do_Parameterization" time="0.000" classname="DriverScripts_Scenarios.EventSubscription_proudction_csr_Validation"/>
  <testcase name="Do_Parameterization" time="0.000" classname="DriverScripts_Scenarios.EventSubscription_proudction_csr_Validation"/>
  <testcase name="Do_Parameterization" time="70.105" classname="DriverScripts_Scenarios.EventSubscription_proudction_csr_Validation"/>
  <testcase name="Do_Parameterization" time="0.001" classname="DriverScripts_Scenarios.EventSubscription_proudction_csr_Validation"/>
  <testcase name="Do_Parameterization" time="0.000" classname="DriverScripts_Scenarios.EventSubscription_proudction_csr_Validation"/>
  <testcase name="Do_Parameterization" time="0.000" classname="DriverScripts_Scenarios.EventSubscription_proudction_csr_Validation"/>
  <testcase name="Do_Parameterization" time="0.000" classname="DriverScripts_Scenarios.EventSubscription_proudction_csr_Validation"/>
  <testcase name="Do_Parameterization" time="0.000" classname="DriverScripts_Scenarios.EventSubscription_proudction_csr_Validation"/>
  <testcase name="Do_Parameterization" time="0.000" classname="DriverScripts_Scenarios.EventSubscription_proudction_csr_Validation"/>
  <testcase name="Do_Parameterization" time="74.788" classname="DriverScripts_Scenarios.EventSubscription_proudction_csr_Validation"/>
  <testcase name="Do_Parameterization" time="0.000" classname="DriverScripts_Scenarios.EventSubscription_proudction_csr_Validation"/>
  <testcase name="Do_Parameterization" time="0.000" classname="DriverScripts_Scenarios.EventSubscription_proudction_csr_Validation"/>
  <testcase name="Do_Parameterization" time="0.000" classname="DriverScripts_Scenarios.EventSubscription_proudction_csr_Validation"/>
  <testcase name="Do_Parameterization" time="0.000" classname="DriverScripts_Scenarios.EventSubscription_proudction_csr_Validation"/>
  <testcase name="Do_Parameterization" time="74.514" classname="DriverScripts_Scenarios.EventSubscription_proudction_csr_Validation"/>
  <testcase name="Do_Parameterization" time="75.184" classname="DriverScripts_Scenarios.EventSubscription_proudction_csr_Validation"/>
  <testcase name="Do_Parameterization" time="75.402" classname="DriverScripts_Scenarios.EventSubscription_proudction_csr_Validation"/>
  <testcase name="Do_Parameterization" time="0.000" classname="DriverScripts_Scenarios.EventSubscription_proudction_csr_Validation"/>
  <testcase name="Do_Parameterization" time="0.000" classname="DriverScripts_Scenarios.EventSubscription_proudction_csr_Validation"/>
  <testcase name="Do_Parameterization" time="0.000" classname="DriverScripts_Scenarios.EventSubscription_proudction_csr_Validation"/>
  <testcase name="Do_Parameterization" time="0.000" classname="DriverScripts_Scenarios.EventSubscription_proudction_csr_Validation"/>
  <testcase name="Do_Parameterization" time="0.000" classname="DriverScripts_Scenarios.EventSubscription_proudction_csr_Validation"/>
  <testcase name="Do_Parameterization" time="0.000" classname="DriverScripts_Scenarios.EventSubscription_proudction_csr_Validation"/>
  <testcase name="Do_Parameterization" time="70.919" classname="DriverScripts_Scenarios.EventSubscription_proudction_csr_Validation"/>
  <testcase name="Do_Parameterization" time="77.094" classname="DriverScripts_Scenarios.EventSubscription_proudction_csr_Validation"/>
  <testcase name="Do_Parameterization" time="0.000" classname="DriverScripts_Scenarios.EventSubscription_proudction_csr_Validation"/>
  <testcase name="Do_Parameterization" time="0.000" classname="DriverScripts_Scenarios.EventSubscription_proudction_csr_Validation"/>
  <testcase name="Do_Parameterization" time="77.432" classname="DriverScripts_Scenarios.EventSubscription_proudction_csr_Validation"/>
  <testcase name="Do_Parameterization" time="75.411" classname="DriverScripts_Scenarios.EventSubscription_proudction_csr_Validation"/>
  <testcase name="Do_Parameterization" time="75.022" classname="DriverScripts_Scenarios.EventSubscription_proudction_csr_Validation"/>
  <testcase name="Do_Parameterization" time="75.259" classname="DriverScripts_Scenarios.EventSubscription_proudction_csr_Validation"/>
  <testcase name="Do_Parameterization" time="83.648" classname="DriverScripts_Scenarios.EventSubscription_proudction_csr_Validation"/>
  <testcase name="Do_Parameterization" time="75.065" classname="DriverScripts_Scenarios.EventSubscription_proudction_csr_Validation"/>
  <testcase name="Do_Parameterization" time="0.000" classname="DriverScripts_Scenarios.EventSubscription_proudction_csr_Validation"/>
  <testcase name="Do_Parameterization" time="0.016" classname="DriverScripts_Scenarios.EventSubscription_proudction_csr_Validation"/>
  <testcase name="Do_Parameterization" time="0.000" classname="DriverScripts_Scenarios.EventSubscription_proudction_csr_Validation"/>
  <testcase name="Do_Parameterization" time="0.000" classname="DriverScripts_Scenarios.EventSubscription_proudction_csr_Validation"/>
  <testcase name="Do_Parameterization" time="0.000" classname="DriverScripts_Scenarios.EventSubscription_proudction_csr_Validation"/>
  <testcase name="Do_Parameterization" time="73.413" classname="DriverScripts_Scenarios.EventSubscription_proudction_csr_Validation"/>
  <testcase name="Do_Parameterization" time="0.000" classname="DriverScripts_Scenarios.EventSubscription_proudction_csr_Validation"/>
  <testcase name="Do_Parameterization" time="0.000" classname="DriverScripts_Scenarios.EventSubscription_proudction_csr_Validation"/>
  <testcase name="Do_Parameterization" time="0.000" classname="DriverScripts_Scenarios.EventSubscription_proudction_csr_Validation"/>
  <testcase name="Do_Parameterization" time="0.000" classname="DriverScripts_Scenarios.EventSubscription_proudction_csr_Validation"/>
  <testcase name="Do_Parameterization" time="74.104" classname="DriverScripts_Scenarios.EventSubscription_proudction_csr_Validation"/>
  <testcase name="Do_Parameterization" time="0.000" classname="DriverScripts_Scenarios.EventSubscription_proudction_csr_Validation"/>
  <testcase name="Do_Parameterization" time="0.000" classname="DriverScripts_Scenarios.EventSubscription_proudction_csr_Validation"/>
  <testcase name="Do_Parameterization" time="0.000" classname="DriverScripts_Scenarios.EventSubscription_proudction_csr_Validation"/>
  <testcase name="Do_Parameterization" time="0.000" classname="DriverScripts_Scenarios.EventSubscription_proudction_csr_Validation"/>
  <testcase name="Do_Parameterization" time="0.000" classname="DriverScripts_Scenarios.EventSubscription_proudction_csr_Validation"/>
  <testcase name="Do_Parameterization" time="0.000" classname="DriverScripts_Scenarios.EventSubscription_proudction_csr_Validation"/>
  <testcase name="Do_Parameterization" time="71.233" classname="DriverScripts_Scenarios.EventSubscription_proudction_csr_Validation"/>
  <testcase name="Do_Parameterization" time="71.031" classname="DriverScripts_Scenarios.EventSubscription_proudction_csr_Validation"/>
  <testcase name="Do_Parameterization" time="0.000" classname="DriverScripts_Scenarios.EventSubscription_proudction_csr_Validation"/>
  <testcase name="Do_Parameterization" time="0.000" classname="DriverScripts_Scenarios.EventSubscription_proudction_csr_Validation"/>
  <testcase name="Do_Parameterization" time="0.000" classname="DriverScripts_Scenarios.EventSubscription_proudction_csr_Validation"/>
  <testcase name="Do_Parameterization" time="73.811" classname="DriverScripts_Scenarios.EventSubscription_proudction_csr_Validation"/>
  <testcase name="Do_Parameterization" time="0.015" classname="DriverScripts_Scenarios.EventSubscription_proudction_csr_Validation"/>
  <testcase name="Do_Parameterization" time="0.000" classname="DriverScripts_Scenarios.EventSubscription_proudction_csr_Validation"/>
  <testcase name="Do_Parameterization" time="74.909" classname="DriverScripts_Scenarios.EventSubscription_proudction_csr_Validation"/>
  <testcase name="Do_Parameterization" time="0.000" classname="DriverScripts_Scenarios.EventSubscription_proudction_csr_Validation"/>
  <testcase name="Do_Parameterization" time="0.000" classname="DriverScripts_Scenarios.EventSubscription_proudction_csr_Validation"/>
  <testcase name="Do_Parameterization" time="73.642" classname="DriverScripts_Scenarios.EventSubscription_proudction_csr_Validation"/>
  <testcase name="Do_Parameterization" time="73.753" classname="DriverScripts_Scenarios.EventSubscription_proudction_csr_Validation"/>
  <testcase name="Do_Parameterization" time="0.000" classname="DriverScripts_Scenarios.EventSubscription_proudction_csr_Validation"/>
  <testcase name="Do_Parameterization" time="0.000" classname="DriverScripts_Scenarios.EventSubscription_proudction_csr_Validation"/>
  <testcase name="Do_Parameterization" time="74.850" classname="DriverScripts_Scenarios.EventSubscription_proudction_csr_Validation"/>
  <testcase name="Do_Parameterization" time="0.000" classname="DriverScripts_Scenarios.EventSubscription_proudction_csr_Validation"/>
  <testcase name="Do_Parameterization" time="0.000" classname="DriverScripts_Scenarios.EventSubscription_proudction_csr_Validation"/>
  <testcase name="Do_Parameterization" time="73.490" classname="DriverScripts_Scenarios.EventSubscription_proudction_csr_Validation"/>
  <testcase name="Do_Parameterization" time="0.000" classname="DriverScripts_Scenarios.EventSubscription_proudction_csr_Validation"/>
  <testcase name="Do_Parameterization" time="77.165" classname="DriverScripts_Scenarios.EventSubscription_proudction_csr_Validation"/>
  <testcase name="Do_Parameterization" time="74.789" classname="DriverScripts_Scenarios.EventSubscription_proudction_csr_Validation"/>
  <testcase name="Do_Parameterization" time="0.000" classname="DriverScripts_Scenarios.EventSubscription_proudction_csr_Validation"/>
  <testcase name="Do_Parameterization" time="0.000" classname="DriverScripts_Scenarios.EventSubscription_proudction_csr_Validation"/>
</testsuite> <!-- DriverScripts_Scenarios.EventSubscription_proudction_csr_Validation -->
