<?xml version="1.0" encoding="UTF-8"?>
<!-- Generated by org.testng.reporters.JUnitXMLReporter -->
<testsuite hostname="TDIN507" ignored="0" name="Default test" tests="96" failures="0" timestamp="10 Oct 2018 13:26:58 GMT" time="5638.225" errors="0">
  <testcase name="Do_Parameterization" time="0.005" classname="DriverScripts_Scenarios.Upsell_Crossell_flow"/>
  <testcase name="Do_Parameterization" time="0.001" classname="DriverScripts_Scenarios.Upsell_Crossell_flow"/>
  <testcase name="Do_Parameterization" time="0.001" classname="DriverScripts_Scenarios.Upsell_Crossell_flow"/>
  <testcase name="Do_Parameterization" time="0.001" classname="DriverScripts_Scenarios.Upsell_Crossell_flow"/>
  <testcase name="Do_Parameterization" time="0.001" classname="DriverScripts_Scenarios.Upsell_Crossell_flow"/>
  <testcase name="Do_Parameterization" time="0.001" classname="DriverScripts_Scenarios.Upsell_Crossell_flow"/>
  <testcase name="Do_Parameterization" time="0.005" classname="DriverScripts_Scenarios.Upsell_Crossell_flow"/>
  <testcase name="Do_Parameterization" time="0.001" classname="DriverScripts_Scenarios.Upsell_Crossell_flow"/>
  <testcase name="Do_Parameterization" time="0.001" classname="DriverScripts_Scenarios.Upsell_Crossell_flow"/>
  <testcase name="Do_Parameterization" time="0.001" classname="DriverScripts_Scenarios.Upsell_Crossell_flow"/>
  <testcase name="Do_Parameterization" time="0.001" classname="DriverScripts_Scenarios.Upsell_Crossell_flow"/>
  <testcase name="Do_Parameterization" time="0.009" classname="DriverScripts_Scenarios.Upsell_Crossell_flow"/>
  <testcase name="Do_Parameterization" time="0.001" classname="DriverScripts_Scenarios.Upsell_Crossell_flow"/>
  <testcase name="Do_Parameterization" time="0.011" classname="DriverScripts_Scenarios.Upsell_Crossell_flow"/>
  <testcase name="Do_Parameterization" time="0.001" classname="DriverScripts_Scenarios.Upsell_Crossell_flow"/>
  <testcase name="Do_Parameterization" time="0.001" classname="DriverScripts_Scenarios.Upsell_Crossell_flow"/>
  <testcase name="Do_Parameterization" time="0.013" classname="DriverScripts_Scenarios.Upsell_Crossell_flow"/>
  <testcase name="Do_Parameterization" time="0.001" classname="DriverScripts_Scenarios.Upsell_Crossell_flow"/>
  <testcase name="Do_Parameterization" time="0.001" classname="DriverScripts_Scenarios.Upsell_Crossell_flow"/>
  <testcase name="Do_Parameterization" time="0.001" classname="DriverScripts_Scenarios.Upsell_Crossell_flow"/>
  <testcase name="Do_Parameterization" time="0.002" classname="DriverScripts_Scenarios.Upsell_Crossell_flow"/>
  <testcase name="Do_Parameterization" time="0.011" classname="DriverScripts_Scenarios.Upsell_Crossell_flow"/>
  <testcase name="Do_Parameterization" time="0.001" classname="DriverScripts_Scenarios.Upsell_Crossell_flow"/>
  <testcase name="Do_Parameterization" time="0.0" classname="DriverScripts_Scenarios.Upsell_Crossell_flow"/>
  <testcase name="Do_Parameterization" time="0.0" classname="DriverScripts_Scenarios.Upsell_Crossell_flow"/>
  <testcase name="Do_Parameterization" time="0.001" classname="DriverScripts_Scenarios.Upsell_Crossell_flow"/>
  <testcase name="Do_Parameterization" time="0.0" classname="DriverScripts_Scenarios.Upsell_Crossell_flow"/>
  <testcase name="Do_Parameterization" time="0.001" classname="DriverScripts_Scenarios.Upsell_Crossell_flow"/>
  <testcase name="Do_Parameterization" time="0.0" classname="DriverScripts_Scenarios.Upsell_Crossell_flow"/>
  <testcase name="Do_Parameterization" time="0.0" classname="DriverScripts_Scenarios.Upsell_Crossell_flow"/>
  <testcase name="Do_Parameterization" time="0.0" classname="DriverScripts_Scenarios.Upsell_Crossell_flow"/>
  <testcase name="Do_Parameterization" time="0.031" classname="DriverScripts_Scenarios.Upsell_Crossell_flow"/>
  <testcase name="Do_Parameterization" time="0.0" classname="DriverScripts_Scenarios.Upsell_Crossell_flow"/>
  <testcase name="Do_Parameterization" time="0.011" classname="DriverScripts_Scenarios.Upsell_Crossell_flow"/>
  <testcase name="Do_Parameterization" time="0.0" classname="DriverScripts_Scenarios.Upsell_Crossell_flow"/>
  <testcase name="Do_Parameterization" time="0.0" classname="DriverScripts_Scenarios.Upsell_Crossell_flow"/>
  <testcase name="Do_Parameterization" time="0.001" classname="DriverScripts_Scenarios.Upsell_Crossell_flow"/>
  <testcase name="Do_Parameterization" time="0.001" classname="DriverScripts_Scenarios.Upsell_Crossell_flow"/>
  <testcase name="Do_Parameterization" time="0.001" classname="DriverScripts_Scenarios.Upsell_Crossell_flow"/>
  <testcase name="Do_Parameterization" time="0.0" classname="DriverScripts_Scenarios.Upsell_Crossell_flow"/>
  <testcase name="Do_Parameterization" time="0.006" classname="DriverScripts_Scenarios.Upsell_Crossell_flow"/>
  <testcase name="Do_Parameterization" time="0.0" classname="DriverScripts_Scenarios.Upsell_Crossell_flow"/>
  <testcase name="Do_Parameterization" time="0.001" classname="DriverScripts_Scenarios.Upsell_Crossell_flow"/>
  <testcase name="Do_Parameterization" time="0.001" classname="DriverScripts_Scenarios.Upsell_Crossell_flow"/>
  <testcase name="Do_Parameterization" time="0.001" classname="DriverScripts_Scenarios.Upsell_Crossell_flow"/>
  <testcase name="Do_Parameterization" time="0.001" classname="DriverScripts_Scenarios.Upsell_Crossell_flow"/>
  <testcase name="Do_Parameterization" time="0.008" classname="DriverScripts_Scenarios.Upsell_Crossell_flow"/>
  <testcase name="Do_Parameterization" time="0.0" classname="DriverScripts_Scenarios.Upsell_Crossell_flow"/>
  <testcase name="Do_Parameterization" time="0.0" classname="DriverScripts_Scenarios.Upsell_Crossell_flow"/>
  <testcase name="Do_Parameterization" time="0.0" classname="DriverScripts_Scenarios.Upsell_Crossell_flow"/>
  <testcase name="Do_Parameterization" time="0.0" classname="DriverScripts_Scenarios.Upsell_Crossell_flow"/>
  <testcase name="Do_Parameterization" time="0.006" classname="DriverScripts_Scenarios.Upsell_Crossell_flow"/>
  <testcase name="Do_Parameterization" time="0.0" classname="DriverScripts_Scenarios.Upsell_Crossell_flow"/>
  <testcase name="Do_Parameterization" time="0.009" classname="DriverScripts_Scenarios.Upsell_Crossell_flow"/>
  <testcase name="Do_Parameterization" time="0.0" classname="DriverScripts_Scenarios.Upsell_Crossell_flow"/>
  <testcase name="Do_Parameterization" time="0.001" classname="DriverScripts_Scenarios.Upsell_Crossell_flow"/>
  <testcase name="Do_Parameterization" time="0.001" classname="DriverScripts_Scenarios.Upsell_Crossell_flow"/>
  <testcase name="Do_Parameterization" time="0.004" classname="DriverScripts_Scenarios.Upsell_Crossell_flow"/>
  <testcase name="Do_Parameterization" time="0.001" classname="DriverScripts_Scenarios.Upsell_Crossell_flow"/>
  <testcase name="Do_Parameterization" time="0.0" classname="DriverScripts_Scenarios.Upsell_Crossell_flow"/>
  <testcase name="Do_Parameterization" time="0.021" classname="DriverScripts_Scenarios.Upsell_Crossell_flow"/>
  <testcase name="Do_Parameterization" time="0.001" classname="DriverScripts_Scenarios.Upsell_Crossell_flow"/>
  <testcase name="Do_Parameterization" time="0.0" classname="DriverScripts_Scenarios.Upsell_Crossell_flow"/>
  <testcase name="Do_Parameterization" time="0.0" classname="DriverScripts_Scenarios.Upsell_Crossell_flow"/>
  <testcase name="Do_Parameterization" time="0.0" classname="DriverScripts_Scenarios.Upsell_Crossell_flow"/>
  <testcase name="Do_Parameterization" time="0.0" classname="DriverScripts_Scenarios.Upsell_Crossell_flow"/>
  <testcase name="Do_Parameterization" time="236.509" classname="DriverScripts_Scenarios.Upsell_Crossell_flow"/>
  <testcase name="Do_Parameterization" time="258.776" classname="DriverScripts_Scenarios.Upsell_Crossell_flow"/>
  <testcase name="Do_Parameterization" time="254.826" classname="DriverScripts_Scenarios.Upsell_Crossell_flow"/>
  <testcase name="Do_Parameterization" time="158.642" classname="DriverScripts_Scenarios.Upsell_Crossell_flow"/>
  <testcase name="Do_Parameterization" time="163.357" classname="DriverScripts_Scenarios.Upsell_Crossell_flow"/>
  <testcase name="Do_Parameterization" time="159.949" classname="DriverScripts_Scenarios.Upsell_Crossell_flow"/>
  <testcase name="Do_Parameterization" time="165.258" classname="DriverScripts_Scenarios.Upsell_Crossell_flow"/>
  <testcase name="Do_Parameterization" time="159.514" classname="DriverScripts_Scenarios.Upsell_Crossell_flow"/>
  <testcase name="Do_Parameterization" time="183.371" classname="DriverScripts_Scenarios.Upsell_Crossell_flow"/>
  <testcase name="Do_Parameterization" time="154.5" classname="DriverScripts_Scenarios.Upsell_Crossell_flow"/>
  <testcase name="Do_Parameterization" time="153.261" classname="DriverScripts_Scenarios.Upsell_Crossell_flow"/>
  <testcase name="Do_Parameterization" time="147.251" classname="DriverScripts_Scenarios.Upsell_Crossell_flow"/>
  <testcase name="Do_Parameterization" time="167.698" classname="DriverScripts_Scenarios.Upsell_Crossell_flow"/>
  <testcase name="Do_Parameterization" time="196.7" classname="DriverScripts_Scenarios.Upsell_Crossell_flow"/>
  <testcase name="Do_Parameterization" time="198.665" classname="DriverScripts_Scenarios.Upsell_Crossell_flow"/>
  <testcase name="Do_Parameterization" time="171.399" classname="DriverScripts_Scenarios.Upsell_Crossell_flow"/>
  <testcase name="Do_Parameterization" time="195.836" classname="DriverScripts_Scenarios.Upsell_Crossell_flow"/>
  <testcase name="Do_Parameterization" time="194.717" classname="DriverScripts_Scenarios.Upsell_Crossell_flow"/>
  <testcase name="Do_Parameterization" time="168.816" classname="DriverScripts_Scenarios.Upsell_Crossell_flow"/>
  <testcase name="Do_Parameterization" time="200.563" classname="DriverScripts_Scenarios.Upsell_Crossell_flow"/>
  <testcase name="Do_Parameterization" time="203.733" classname="DriverScripts_Scenarios.Upsell_Crossell_flow"/>
  <testcase name="Do_Parameterization" time="175.26" classname="DriverScripts_Scenarios.Upsell_Crossell_flow"/>
  <testcase name="Do_Parameterization" time="201.387" classname="DriverScripts_Scenarios.Upsell_Crossell_flow"/>
  <testcase name="Do_Parameterization" time="206.05" classname="DriverScripts_Scenarios.Upsell_Crossell_flow"/>
  <testcase name="Do_Parameterization" time="167.205" classname="DriverScripts_Scenarios.Upsell_Crossell_flow"/>
  <testcase name="Do_Parameterization" time="198.898" classname="DriverScripts_Scenarios.Upsell_Crossell_flow"/>
  <testcase name="Do_Parameterization" time="210.024" classname="DriverScripts_Scenarios.Upsell_Crossell_flow"/>
  <testcase name="Do_Parameterization" time="172.575" classname="DriverScripts_Scenarios.Upsell_Crossell_flow"/>
  <testcase name="Do_Parameterization" time="202.575" classname="DriverScripts_Scenarios.Upsell_Crossell_flow"/>
  <testcase name="Do_Parameterization" time="209.05" classname="DriverScripts_Scenarios.Upsell_Crossell_flow"/>
</testsuite> <!-- Default test -->
